<?xml version="1.0" encoding="UTF-8"?>
<!-- Generated by org.testng.reporters.JUnitXMLReporter -->
<testsuite ignored="1" hostname="Ignacio-PC" failures="0" tests="1" name="Default test" time="26.526" errors="0" timestamp="2024-10-14T12:54:28 ART">
  <testcase classname="com.enviopack.tests.LoginTest" name="loginSeller" time="5.416"/>
  <testcase classname="com.enviopack.tests.LoginTest" name="loginAdmin" time="0.0">
    <ignored/>
  </testcase> <!-- loginAdmin -->
</testsuite> <!-- Default test -->
