-------------------------------------------------------------------------------
Test set: TestSuite
-------------------------------------------------------------------------------
Tests run: 2, Failures: 2, Errors: 0, Skipped: 0, Time elapsed: 10.294 s <<< FAILURE! - in TestSuite
loginAdmin(com.enviopack.tests.LoginTest)  Time elapsed: 0.064 s  <<< FAILURE!
java.lang.StackOverflowError
	at com.enviopack.tests.LoginTest.loginAdmin(LoginTest.java:11)
	at com.enviopack.tests.LoginTest.loginAdmin(LoginTest.java:11)
	at com.enviopack.tests.LoginTest.loginAdmin(LoginTest.java:11)
	at com.enviopack.tests.LoginTest.loginAdmin(LoginTest.java:11)
	at com.enviopack.tests.LoginTest.loginAdmin(LoginTest.java:11)
	at com.enviopack.tests.LoginTest.loginAdmin(LoginTest.java:11)
	at com.enviopack.tests.LoginTest.loginAdmin(LoginTest.java:11)
	at com.enviopack.tests.LoginTest.loginAdmin(LoginTest.java:11)
	at com.enviopack.tests.LoginTest.loginAdmin(LoginTest.java:11)
	at com.enviopack.tests.LoginTest.loginAdmin(LoginTest.java:11)
	at com.enviopack.tests.LoginTest.loginAdmin(LoginTest.java:11)
	at com.enviopack.tests.LoginTest.loginAdmin(LoginTest.java:11)
	at com.enviopack.tests.LoginTest.loginAdmin(LoginTest.java:11)
	at com.enviopack.tests.LoginTest.loginAdmin(LoginTest.java:11)
	at com.enviopack.tests.LoginTest.loginAdmin(LoginTest.java:11)
	at com.enviopack.tests.LoginTest.loginAdmin(LoginTest.java:11)
	at com.enviopack.tests.LoginTest.loginAdmin(LoginTest.java:11)
	at com.enviopack.tests.LoginTest.loginAdmin(LoginTest.java:11)
	at com.enviopack.tests.LoginTest.loginAdmin(LoginTest.java:11)
	at com.enviopack.tests.LoginTest.loginAdmin(LoginTest.java:11)
	at com.enviopack.tests.LoginTest.loginAdmin(LoginTest.java:11)
	at com.enviopack.tests.LoginTest.loginAdmin(LoginTest.java:11)
	at com.enviopack.tests.LoginTest.loginAdmin(LoginTest.java:11)
	at com.enviopack.tests.LoginTest.loginAdmin(LoginTest.java:11)
	at com.enviopack.tests.LoginTest.loginAdmin(LoginTest.java:11)
	at com.enviopack.tests.LoginTest.loginAdmin(LoginTest.java:11)
	at com.enviopack.tests.LoginTest.loginAdmin(LoginTest.java:11)
	at com.enviopack.tests.LoginTest.loginAdmin(LoginTest.java:11)
	at com.enviopack.tests.LoginTest.loginAdmin(LoginTest.java:11)
	at com.enviopack.tests.LoginTest.loginAdmin(LoginTest.java:11)
	at com.enviopack.tests.LoginTest.loginAdmin(LoginTest.java:11)
	at com.enviopack.tests.LoginTest.loginAdmin(LoginTest.java:11)
	at com.enviopack.tests.LoginTest.loginAdmin(LoginTest.java:11)
	at com.enviopack.tests.LoginTest.loginAdmin(LoginTest.java:11)
	at com.enviopack.tests.LoginTest.loginAdmin(LoginTest.java:11)
	at com.enviopack.tests.LoginTest.loginAdmin(LoginTest.java:11)
	at com.enviopack.tests.LoginTest.loginAdmin(LoginTest.java:11)
	at com.enviopack.tests.LoginTest.loginAdmin(LoginTest.java:11)
	at com.enviopack.tests.LoginTest.loginAdmin(LoginTest.java:11)
	at com.enviopack.tests.LoginTest.loginAdmin(LoginTest.java:11)
	at com.enviopack.tests.LoginTest.loginAdmin(LoginTest.java:11)
	at com.enviopack.tests.LoginTest.loginAdmin(LoginTest.java:11)
	at com.enviopack.tests.LoginTest.loginAdmin(LoginTest.java:11)
	at com.enviopack.tests.LoginTest.loginAdmin(LoginTest.java:11)
	at com.enviopack.tests.LoginTest.loginAdmin(LoginTest.java:11)
	at com.enviopack.tests.LoginTest.loginAdmin(LoginTest.java:11)
	at com.enviopack.tests.LoginTest.loginAdmin(LoginTest.java:11)
	at com.enviopack.tests.LoginTest.loginAdmin(LoginTest.java:11)
	at com.enviopack.tests.LoginTest.loginAdmin(LoginTest.java:11)
	at com.enviopack.tests.LoginTest.loginAdmin(LoginTest.java:11)
	at com.enviopack.tests.LoginTest.loginAdmin(LoginTest.java:11)
	at com.enviopack.tests.LoginTest.loginAdmin(LoginTest.java:11)
	at com.enviopack.tests.LoginTest.loginAdmin(LoginTest.java:11)
	at com.enviopack.tests.LoginTest.loginAdmin(LoginTest.java:11)
	at com.enviopack.tests.LoginTest.loginAdmin(LoginTest.java:11)
	at com.enviopack.tests.LoginTest.loginAdmin(LoginTest.java:11)
	at com.enviopack.tests.LoginTest.loginAdmin(LoginTest.java:11)
	at com.enviopack.tests.LoginTest.loginAdmin(LoginTest.java:11)
	at com.enviopack.tests.LoginTest.loginAdmin(LoginTest.java:11)
	at com.enviopack.tests.LoginTest.loginAdmin(LoginTest.java:11)
	at com.enviopack.tests.LoginTest.loginAdmin(LoginTest.java:11)
	at com.enviopack.tests.LoginTest.loginAdmin(LoginTest.java:11)
	at com.enviopack.tests.LoginTest.loginAdmin(LoginTest.java:11)
	at com.enviopack.tests.LoginTest.loginAdmin(LoginTest.java:11)
	at com.enviopack.tests.LoginTest.loginAdmin(LoginTest.java:11)
	at com.enviopack.tests.LoginTest.loginAdmin(LoginTest.java:11)
	at com.enviopack.tests.LoginTest.loginAdmin(LoginTest.java:11)
	at com.enviopack.tests.LoginTest.loginAdmin(LoginTest.java:11)
	at com.enviopack.tests.LoginTest.loginAdmin(LoginTest.java:11)
	at com.enviopack.tests.LoginTest.loginAdmin(LoginTest.java:11)
	at com.enviopack.tests.LoginTest.loginAdmin(LoginTest.java:11)
	at com.enviopack.tests.LoginTest.loginAdmin(LoginTest.java:11)
	at com.enviopack.tests.LoginTest.loginAdmin(LoginTest.java:11)
	at com.enviopack.tests.LoginTest.loginAdmin(LoginTest.java:11)
	at com.enviopack.tests.LoginTest.loginAdmin(LoginTest.java:11)
	at com.enviopack.tests.LoginTest.loginAdmin(LoginTest.java:11)
	at com.enviopack.tests.LoginTest.loginAdmin(LoginTest.java:11)
	at com.enviopack.tests.LoginTest.loginAdmin(LoginTest.java:11)
	at com.enviopack.tests.LoginTest.loginAdmin(LoginTest.java:11)
	at com.enviopack.tests.LoginTest.loginAdmin(LoginTest.java:11)
	at com.enviopack.tests.LoginTest.loginAdmin(LoginTest.java:11)
	at com.enviopack.tests.LoginTest.loginAdmin(LoginTest.java:11)
	at com.enviopack.tests.LoginTest.loginAdmin(LoginTest.java:11)
	at com.enviopack.tests.LoginTest.loginAdmin(LoginTest.java:11)
	at com.enviopack.tests.LoginTest.loginAdmin(LoginTest.java:11)
	at com.enviopack.tests.LoginTest.loginAdmin(LoginTest.java:11)
	at com.enviopack.tests.LoginTest.loginAdmin(LoginTest.java:11)
	at com.enviopack.tests.LoginTest.loginAdmin(LoginTest.java:11)
	at com.enviopack.tests.LoginTest.loginAdmin(LoginTest.java:11)
	at com.enviopack.tests.LoginTest.loginAdmin(LoginTest.java:11)
	at com.enviopack.tests.LoginTest.loginAdmin(LoginTest.java:11)
	at com.enviopack.tests.LoginTest.loginAdmin(LoginTest.java:11)
	at com.enviopack.tests.LoginTest.loginAdmin(LoginTest.java:11)
	at com.enviopack.tests.LoginTest.loginAdmin(LoginTest.java:11)
	at com.enviopack.tests.LoginTest.loginAdmin(LoginTest.java:11)
	at com.enviopack.tests.LoginTest.loginAdmin(LoginTest.java:11)
	at com.enviopack.tests.LoginTest.loginAdmin(LoginTest.java:11)
	at com.enviopack.tests.LoginTest.loginAdmin(LoginTest.java:11)
	at com.enviopack.tests.LoginTest.loginAdmin(LoginTest.java:11)
	at com.enviopack.tests.LoginTest.loginAdmin(LoginTest.java:11)
	at com.enviopack.tests.LoginTest.loginAdmin(LoginTest.java:11)
	at com.enviopack.tests.LoginTest.loginAdmin(LoginTest.java:11)
	at com.enviopack.tests.LoginTest.loginAdmin(LoginTest.java:11)
	at com.enviopack.tests.LoginTest.loginAdmin(LoginTest.java:11)
	at com.enviopack.tests.LoginTest.loginAdmin(LoginTest.java:11)
	at com.enviopack.tests.LoginTest.loginAdmin(LoginTest.java:11)
	at com.enviopack.tests.LoginTest.loginAdmin(LoginTest.java:11)
	at com.enviopack.tests.LoginTest.loginAdmin(LoginTest.java:11)
	at com.enviopack.tests.LoginTest.loginAdmin(LoginTest.java:11)
	at com.enviopack.tests.LoginTest.loginAdmin(LoginTest.java:11)
	at com.enviopack.tests.LoginTest.loginAdmin(LoginTest.java:11)
	at com.enviopack.tests.LoginTest.loginAdmin(LoginTest.java:11)
	at com.enviopack.tests.LoginTest.loginAdmin(LoginTest.java:11)
	at com.enviopack.tests.LoginTest.loginAdmin(LoginTest.java:11)
	at com.enviopack.tests.LoginTest.loginAdmin(LoginTest.java:11)
	at com.enviopack.tests.LoginTest.loginAdmin(LoginTest.java:11)
	at com.enviopack.tests.LoginTest.loginAdmin(LoginTest.java:11)
	at com.enviopack.tests.LoginTest.loginAdmin(LoginTest.java:11)
	at com.enviopack.tests.LoginTest.loginAdmin(LoginTest.java:11)
	at com.enviopack.tests.LoginTest.loginAdmin(LoginTest.java:11)
	at com.enviopack.tests.LoginTest.loginAdmin(LoginTest.java:11)
	at com.enviopack.tests.LoginTest.loginAdmin(LoginTest.java:11)
	at com.enviopack.tests.LoginTest.loginAdmin(LoginTest.java:11)
	at com.enviopack.tests.LoginTest.loginAdmin(LoginTest.java:11)
	at com.enviopack.tests.LoginTest.loginAdmin(LoginTest.java:11)
	at com.enviopack.tests.LoginTest.loginAdmin(LoginTest.java:11)
	at com.enviopack.tests.LoginTest.loginAdmin(LoginTest.java:11)
	at com.enviopack.tests.LoginTest.loginAdmin(LoginTest.java:11)
	at com.enviopack.tests.LoginTest.loginAdmin(LoginTest.java:11)
	at com.enviopack.tests.LoginTest.loginAdmin(LoginTest.java:11)
	at com.enviopack.tests.LoginTest.loginAdmin(LoginTest.java:11)
	at com.enviopack.tests.LoginTest.loginAdmin(LoginTest.java:11)
	at com.enviopack.tests.LoginTest.loginAdmin(LoginTest.java:11)
	at com.enviopack.tests.LoginTest.loginAdmin(LoginTest.java:11)
	at com.enviopack.tests.LoginTest.loginAdmin(LoginTest.java:11)
	at com.enviopack.tests.LoginTest.loginAdmin(LoginTest.java:11)
	at com.enviopack.tests.LoginTest.loginAdmin(LoginTest.java:11)
	at com.enviopack.tests.LoginTest.loginAdmin(LoginTest.java:11)
	at com.enviopack.tests.LoginTest.loginAdmin(LoginTest.java:11)
	at com.enviopack.tests.LoginTest.loginAdmin(LoginTest.java:11)
	at com.enviopack.tests.LoginTest.loginAdmin(LoginTest.java:11)
	at com.enviopack.tests.LoginTest.loginAdmin(LoginTest.java:11)
	at com.enviopack.tests.LoginTest.loginAdmin(LoginTest.java:11)
	at com.enviopack.tests.LoginTest.loginAdmin(LoginTest.java:11)
	at com.enviopack.tests.LoginTest.loginAdmin(LoginTest.java:11)
	at com.enviopack.tests.LoginTest.loginAdmin(LoginTest.java:11)
	at com.enviopack.tests.LoginTest.loginAdmin(LoginTest.java:11)
	at com.enviopack.tests.LoginTest.loginAdmin(LoginTest.java:11)
	at com.enviopack.tests.LoginTest.loginAdmin(LoginTest.java:11)
	at com.enviopack.tests.LoginTest.loginAdmin(LoginTest.java:11)
	at com.enviopack.tests.LoginTest.loginAdmin(LoginTest.java:11)
	at com.enviopack.tests.LoginTest.loginAdmin(LoginTest.java:11)
	at com.enviopack.tests.LoginTest.loginAdmin(LoginTest.java:11)
	at com.enviopack.tests.LoginTest.loginAdmin(LoginTest.java:11)
	at com.enviopack.tests.LoginTest.loginAdmin(LoginTest.java:11)
	at com.enviopack.tests.LoginTest.loginAdmin(LoginTest.java:11)
	at com.enviopack.tests.LoginTest.loginAdmin(LoginTest.java:11)
	at com.enviopack.tests.LoginTest.loginAdmin(LoginTest.java:11)
	at com.enviopack.tests.LoginTest.loginAdmin(LoginTest.java:11)
	at com.enviopack.tests.LoginTest.loginAdmin(LoginTest.java:11)
	at com.enviopack.tests.LoginTest.loginAdmin(LoginTest.java:11)
	at com.enviopack.tests.LoginTest.loginAdmin(LoginTest.java:11)
	at com.enviopack.tests.LoginTest.loginAdmin(LoginTest.java:11)
	at com.enviopack.tests.LoginTest.loginAdmin(LoginTest.java:11)
	at com.enviopack.tests.LoginTest.loginAdmin(LoginTest.java:11)
	at com.enviopack.tests.LoginTest.loginAdmin(LoginTest.java:11)
	at com.enviopack.tests.LoginTest.loginAdmin(LoginTest.java:11)
	at com.enviopack.tests.LoginTest.loginAdmin(LoginTest.java:11)
	at com.enviopack.tests.LoginTest.loginAdmin(LoginTest.java:11)
	at com.enviopack.tests.LoginTest.loginAdmin(LoginTest.java:11)
	at com.enviopack.tests.LoginTest.loginAdmin(LoginTest.java:11)
	at com.enviopack.tests.LoginTest.loginAdmin(LoginTest.java:11)
	at com.enviopack.tests.LoginTest.loginAdmin(LoginTest.java:11)
	at com.enviopack.tests.LoginTest.loginAdmin(LoginTest.java:11)
	at com.enviopack.tests.LoginTest.loginAdmin(LoginTest.java:11)
	at com.enviopack.tests.LoginTest.loginAdmin(LoginTest.java:11)
	at com.enviopack.tests.LoginTest.loginAdmin(LoginTest.java:11)
	at com.enviopack.tests.LoginTest.loginAdmin(LoginTest.java:11)
	at com.enviopack.tests.LoginTest.loginAdmin(LoginTest.java:11)
	at com.enviopack.tests.LoginTest.loginAdmin(LoginTest.java:11)
	at com.enviopack.tests.LoginTest.loginAdmin(LoginTest.java:11)
	at com.enviopack.tests.LoginTest.loginAdmin(LoginTest.java:11)
	at com.enviopack.tests.LoginTest.loginAdmin(LoginTest.java:11)
	at com.enviopack.tests.LoginTest.loginAdmin(LoginTest.java:11)
	at com.enviopack.tests.LoginTest.loginAdmin(LoginTest.java:11)
	at com.enviopack.tests.LoginTest.loginAdmin(LoginTest.java:11)
	at com.enviopack.tests.LoginTest.loginAdmin(LoginTest.java:11)
	at com.enviopack.tests.LoginTest.loginAdmin(LoginTest.java:11)
	at com.enviopack.tests.LoginTest.loginAdmin(LoginTest.java:11)
	at com.enviopack.tests.LoginTest.loginAdmin(LoginTest.java:11)
	at com.enviopack.tests.LoginTest.loginAdmin(LoginTest.java:11)
	at com.enviopack.tests.LoginTest.loginAdmin(LoginTest.java:11)
	at com.enviopack.tests.LoginTest.loginAdmin(LoginTest.java:11)
	at com.enviopack.tests.LoginTest.loginAdmin(LoginTest.java:11)
	at com.enviopack.tests.LoginTest.loginAdmin(LoginTest.java:11)
	at com.enviopack.tests.LoginTest.loginAdmin(LoginTest.java:11)
	at com.enviopack.tests.LoginTest.loginAdmin(LoginTest.java:11)
	at com.enviopack.tests.LoginTest.loginAdmin(LoginTest.java:11)
	at com.enviopack.tests.LoginTest.loginAdmin(LoginTest.java:11)
	at com.enviopack.tests.LoginTest.loginAdmin(LoginTest.java:11)
	at com.enviopack.tests.LoginTest.loginAdmin(LoginTest.java:11)
	at com.enviopack.tests.LoginTest.loginAdmin(LoginTest.java:11)
	at com.enviopack.tests.LoginTest.loginAdmin(LoginTest.java:11)
	at com.enviopack.tests.LoginTest.loginAdmin(LoginTest.java:11)
	at com.enviopack.tests.LoginTest.loginAdmin(LoginTest.java:11)
	at com.enviopack.tests.LoginTest.loginAdmin(LoginTest.java:11)
	at com.enviopack.tests.LoginTest.loginAdmin(LoginTest.java:11)
	at com.enviopack.tests.LoginTest.loginAdmin(LoginTest.java:11)
	at com.enviopack.tests.LoginTest.loginAdmin(LoginTest.java:11)
	at com.enviopack.tests.LoginTest.loginAdmin(LoginTest.java:11)
	at com.enviopack.tests.LoginTest.loginAdmin(LoginTest.java:11)
	at com.enviopack.tests.LoginTest.loginAdmin(LoginTest.java:11)
	at com.enviopack.tests.LoginTest.loginAdmin(LoginTest.java:11)
	at com.enviopack.tests.LoginTest.loginAdmin(LoginTest.java:11)
	at com.enviopack.tests.LoginTest.loginAdmin(LoginTest.java:11)
	at com.enviopack.tests.LoginTest.loginAdmin(LoginTest.java:11)
	at com.enviopack.tests.LoginTest.loginAdmin(LoginTest.java:11)
	at com.enviopack.tests.LoginTest.loginAdmin(LoginTest.java:11)
	at com.enviopack.tests.LoginTest.loginAdmin(LoginTest.java:11)
	at com.enviopack.tests.LoginTest.loginAdmin(LoginTest.java:11)
	at com.enviopack.tests.LoginTest.loginAdmin(LoginTest.java:11)
	at com.enviopack.tests.LoginTest.loginAdmin(LoginTest.java:11)
	at com.enviopack.tests.LoginTest.loginAdmin(LoginTest.java:11)
	at com.enviopack.tests.LoginTest.loginAdmin(LoginTest.java:11)
	at com.enviopack.tests.LoginTest.loginAdmin(LoginTest.java:11)
	at com.enviopack.tests.LoginTest.loginAdmin(LoginTest.java:11)
	at com.enviopack.tests.LoginTest.loginAdmin(LoginTest.java:11)
	at com.enviopack.tests.LoginTest.loginAdmin(LoginTest.java:11)
	at com.enviopack.tests.LoginTest.loginAdmin(LoginTest.java:11)
	at com.enviopack.tests.LoginTest.loginAdmin(LoginTest.java:11)
	at com.enviopack.tests.LoginTest.loginAdmin(LoginTest.java:11)
	at com.enviopack.tests.LoginTest.loginAdmin(LoginTest.java:11)
	at com.enviopack.tests.LoginTest.loginAdmin(LoginTest.java:11)
	at com.enviopack.tests.LoginTest.loginAdmin(LoginTest.java:11)
	at com.enviopack.tests.LoginTest.loginAdmin(LoginTest.java:11)
	at com.enviopack.tests.LoginTest.loginAdmin(LoginTest.java:11)
	at com.enviopack.tests.LoginTest.loginAdmin(LoginTest.java:11)
	at com.enviopack.tests.LoginTest.loginAdmin(LoginTest.java:11)
	at com.enviopack.tests.LoginTest.loginAdmin(LoginTest.java:11)
	at com.enviopack.tests.LoginTest.loginAdmin(LoginTest.java:11)
	at com.enviopack.tests.LoginTest.loginAdmin(LoginTest.java:11)
	at com.enviopack.tests.LoginTest.loginAdmin(LoginTest.java:11)
	at com.enviopack.tests.LoginTest.loginAdmin(LoginTest.java:11)
	at com.enviopack.tests.LoginTest.loginAdmin(LoginTest.java:11)
	at com.enviopack.tests.LoginTest.loginAdmin(LoginTest.java:11)
	at com.enviopack.tests.LoginTest.loginAdmin(LoginTest.java:11)
	at com.enviopack.tests.LoginTest.loginAdmin(LoginTest.java:11)
	at com.enviopack.tests.LoginTest.loginAdmin(LoginTest.java:11)
	at com.enviopack.tests.LoginTest.loginAdmin(LoginTest.java:11)
	at com.enviopack.tests.LoginTest.loginAdmin(LoginTest.java:11)
	at com.enviopack.tests.LoginTest.loginAdmin(LoginTest.java:11)
	at com.enviopack.tests.LoginTest.loginAdmin(LoginTest.java:11)
	at com.enviopack.tests.LoginTest.loginAdmin(LoginTest.java:11)
	at com.enviopack.tests.LoginTest.loginAdmin(LoginTest.java:11)
	at com.enviopack.tests.LoginTest.loginAdmin(LoginTest.java:11)
	at com.enviopack.tests.LoginTest.loginAdmin(LoginTest.java:11)
	at com.enviopack.tests.LoginTest.loginAdmin(LoginTest.java:11)
	at com.enviopack.tests.LoginTest.loginAdmin(LoginTest.java:11)
	at com.enviopack.tests.LoginTest.loginAdmin(LoginTest.java:11)
	at com.enviopack.tests.LoginTest.loginAdmin(LoginTest.java:11)
	at com.enviopack.tests.LoginTest.loginAdmin(LoginTest.java:11)
	at com.enviopack.tests.LoginTest.loginAdmin(LoginTest.java:11)
	at com.enviopack.tests.LoginTest.loginAdmin(LoginTest.java:11)
	at com.enviopack.tests.LoginTest.loginAdmin(LoginTest.java:11)
	at com.enviopack.tests.LoginTest.loginAdmin(LoginTest.java:11)
	at com.enviopack.tests.LoginTest.loginAdmin(LoginTest.java:11)
	at com.enviopack.tests.LoginTest.loginAdmin(LoginTest.java:11)
	at com.enviopack.tests.LoginTest.loginAdmin(LoginTest.java:11)
	at com.enviopack.tests.LoginTest.loginAdmin(LoginTest.java:11)
	at com.enviopack.tests.LoginTest.loginAdmin(LoginTest.java:11)
	at com.enviopack.tests.LoginTest.loginAdmin(LoginTest.java:11)
	at com.enviopack.tests.LoginTest.loginAdmin(LoginTest.java:11)
	at com.enviopack.tests.LoginTest.loginAdmin(LoginTest.java:11)
	at com.enviopack.tests.LoginTest.loginAdmin(LoginTest.java:11)
	at com.enviopack.tests.LoginTest.loginAdmin(LoginTest.java:11)
	at com.enviopack.tests.LoginTest.loginAdmin(LoginTest.java:11)
	at com.enviopack.tests.LoginTest.loginAdmin(LoginTest.java:11)
	at com.enviopack.tests.LoginTest.loginAdmin(LoginTest.java:11)
	at com.enviopack.tests.LoginTest.loginAdmin(LoginTest.java:11)
	at com.enviopack.tests.LoginTest.loginAdmin(LoginTest.java:11)
	at com.enviopack.tests.LoginTest.loginAdmin(LoginTest.java:11)
	at com.enviopack.tests.LoginTest.loginAdmin(LoginTest.java:11)
	at com.enviopack.tests.LoginTest.loginAdmin(LoginTest.java:11)
	at com.enviopack.tests.LoginTest.loginAdmin(LoginTest.java:11)
	at com.enviopack.tests.LoginTest.loginAdmin(LoginTest.java:11)
	at com.enviopack.tests.LoginTest.loginAdmin(LoginTest.java:11)
	at com.enviopack.tests.LoginTest.loginAdmin(LoginTest.java:11)
	at com.enviopack.tests.LoginTest.loginAdmin(LoginTest.java:11)
	at com.enviopack.tests.LoginTest.loginAdmin(LoginTest.java:11)
	at com.enviopack.tests.LoginTest.loginAdmin(LoginTest.java:11)
	at com.enviopack.tests.LoginTest.loginAdmin(LoginTest.java:11)
	at com.enviopack.tests.LoginTest.loginAdmin(LoginTest.java:11)
	at com.enviopack.tests.LoginTest.loginAdmin(LoginTest.java:11)
	at com.enviopack.tests.LoginTest.loginAdmin(LoginTest.java:11)
	at com.enviopack.tests.LoginTest.loginAdmin(LoginTest.java:11)
	at com.enviopack.tests.LoginTest.loginAdmin(LoginTest.java:11)
	at com.enviopack.tests.LoginTest.loginAdmin(LoginTest.java:11)
	at com.enviopack.tests.LoginTest.loginAdmin(LoginTest.java:11)
	at com.enviopack.tests.LoginTest.loginAdmin(LoginTest.java:11)
	at com.enviopack.tests.LoginTest.loginAdmin(LoginTest.java:11)
	at com.enviopack.tests.LoginTest.loginAdmin(LoginTest.java:11)
	at com.enviopack.tests.LoginTest.loginAdmin(LoginTest.java:11)
	at com.enviopack.tests.LoginTest.loginAdmin(LoginTest.java:11)
	at com.enviopack.tests.LoginTest.loginAdmin(LoginTest.java:11)
	at com.enviopack.tests.LoginTest.loginAdmin(LoginTest.java:11)
	at com.enviopack.tests.LoginTest.loginAdmin(LoginTest.java:11)
	at com.enviopack.tests.LoginTest.loginAdmin(LoginTest.java:11)
	at com.enviopack.tests.LoginTest.loginAdmin(LoginTest.java:11)
	at com.enviopack.tests.LoginTest.loginAdmin(LoginTest.java:11)
	at com.enviopack.tests.LoginTest.loginAdmin(LoginTest.java:11)
	at com.enviopack.tests.LoginTest.loginAdmin(LoginTest.java:11)
	at com.enviopack.tests.LoginTest.loginAdmin(LoginTest.java:11)
	at com.enviopack.tests.LoginTest.loginAdmin(LoginTest.java:11)
	at com.enviopack.tests.LoginTest.loginAdmin(LoginTest.java:11)
	at com.enviopack.tests.LoginTest.loginAdmin(LoginTest.java:11)
	at com.enviopack.tests.LoginTest.loginAdmin(LoginTest.java:11)
	at com.enviopack.tests.LoginTest.loginAdmin(LoginTest.java:11)
	at com.enviopack.tests.LoginTest.loginAdmin(LoginTest.java:11)
	at com.enviopack.tests.LoginTest.loginAdmin(LoginTest.java:11)
	at com.enviopack.tests.LoginTest.loginAdmin(LoginTest.java:11)
	at com.enviopack.tests.LoginTest.loginAdmin(LoginTest.java:11)
	at com.enviopack.tests.LoginTest.loginAdmin(LoginTest.java:11)
	at com.enviopack.tests.LoginTest.loginAdmin(LoginTest.java:11)
	at com.enviopack.tests.LoginTest.loginAdmin(LoginTest.java:11)
	at com.enviopack.tests.LoginTest.loginAdmin(LoginTest.java:11)
	at com.enviopack.tests.LoginTest.loginAdmin(LoginTest.java:11)
	at com.enviopack.tests.LoginTest.loginAdmin(LoginTest.java:11)
	at com.enviopack.tests.LoginTest.loginAdmin(LoginTest.java:11)
	at com.enviopack.tests.LoginTest.loginAdmin(LoginTest.java:11)
	at com.enviopack.tests.LoginTest.loginAdmin(LoginTest.java:11)
	at com.enviopack.tests.LoginTest.loginAdmin(LoginTest.java:11)
	at com.enviopack.tests.LoginTest.loginAdmin(LoginTest.java:11)
	at com.enviopack.tests.LoginTest.loginAdmin(LoginTest.java:11)
	at com.enviopack.tests.LoginTest.loginAdmin(LoginTest.java:11)
	at com.enviopack.tests.LoginTest.loginAdmin(LoginTest.java:11)
	at com.enviopack.tests.LoginTest.loginAdmin(LoginTest.java:11)
	at com.enviopack.tests.LoginTest.loginAdmin(LoginTest.java:11)
	at com.enviopack.tests.LoginTest.loginAdmin(LoginTest.java:11)
	at com.enviopack.tests.LoginTest.loginAdmin(LoginTest.java:11)
	at com.enviopack.tests.LoginTest.loginAdmin(LoginTest.java:11)
	at com.enviopack.tests.LoginTest.loginAdmin(LoginTest.java:11)
	at com.enviopack.tests.LoginTest.loginAdmin(LoginTest.java:11)
	at com.enviopack.tests.LoginTest.loginAdmin(LoginTest.java:11)
	at com.enviopack.tests.LoginTest.loginAdmin(LoginTest.java:11)
	at com.enviopack.tests.LoginTest.loginAdmin(LoginTest.java:11)
	at com.enviopack.tests.LoginTest.loginAdmin(LoginTest.java:11)
	at com.enviopack.tests.LoginTest.loginAdmin(LoginTest.java:11)
	at com.enviopack.tests.LoginTest.loginAdmin(LoginTest.java:11)
	at com.enviopack.tests.LoginTest.loginAdmin(LoginTest.java:11)
	at com.enviopack.tests.LoginTest.loginAdmin(LoginTest.java:11)
	at com.enviopack.tests.LoginTest.loginAdmin(LoginTest.java:11)
	at com.enviopack.tests.LoginTest.loginAdmin(LoginTest.java:11)
	at com.enviopack.tests.LoginTest.loginAdmin(LoginTest.java:11)
	at com.enviopack.tests.LoginTest.loginAdmin(LoginTest.java:11)
	at com.enviopack.tests.LoginTest.loginAdmin(LoginTest.java:11)
	at com.enviopack.tests.LoginTest.loginAdmin(LoginTest.java:11)
	at com.enviopack.tests.LoginTest.loginAdmin(LoginTest.java:11)
	at com.enviopack.tests.LoginTest.loginAdmin(LoginTest.java:11)
	at com.enviopack.tests.LoginTest.loginAdmin(LoginTest.java:11)
	at com.enviopack.tests.LoginTest.loginAdmin(LoginTest.java:11)
	at com.enviopack.tests.LoginTest.loginAdmin(LoginTest.java:11)
	at com.enviopack.tests.LoginTest.loginAdmin(LoginTest.java:11)
	at com.enviopack.tests.LoginTest.loginAdmin(LoginTest.java:11)
	at com.enviopack.tests.LoginTest.loginAdmin(LoginTest.java:11)
	at com.enviopack.tests.LoginTest.loginAdmin(LoginTest.java:11)
	at com.enviopack.tests.LoginTest.loginAdmin(LoginTest.java:11)
	at com.enviopack.tests.LoginTest.loginAdmin(LoginTest.java:11)
	at com.enviopack.tests.LoginTest.loginAdmin(LoginTest.java:11)
	at com.enviopack.tests.LoginTest.loginAdmin(LoginTest.java:11)
	at com.enviopack.tests.LoginTest.loginAdmin(LoginTest.java:11)
	at com.enviopack.tests.LoginTest.loginAdmin(LoginTest.java:11)
	at com.enviopack.tests.LoginTest.loginAdmin(LoginTest.java:11)
	at com.enviopack.tests.LoginTest.loginAdmin(LoginTest.java:11)
	at com.enviopack.tests.LoginTest.loginAdmin(LoginTest.java:11)
	at com.enviopack.tests.LoginTest.loginAdmin(LoginTest.java:11)
	at com.enviopack.tests.LoginTest.loginAdmin(LoginTest.java:11)
	at com.enviopack.tests.LoginTest.loginAdmin(LoginTest.java:11)
	at com.enviopack.tests.LoginTest.loginAdmin(LoginTest.java:11)
	at com.enviopack.tests.LoginTest.loginAdmin(LoginTest.java:11)
	at com.enviopack.tests.LoginTest.loginAdmin(LoginTest.java:11)
	at com.enviopack.tests.LoginTest.loginAdmin(LoginTest.java:11)
	at com.enviopack.tests.LoginTest.loginAdmin(LoginTest.java:11)
	at com.enviopack.tests.LoginTest.loginAdmin(LoginTest.java:11)
	at com.enviopack.tests.LoginTest.loginAdmin(LoginTest.java:11)
	at com.enviopack.tests.LoginTest.loginAdmin(LoginTest.java:11)
	at com.enviopack.tests.LoginTest.loginAdmin(LoginTest.java:11)
	at com.enviopack.tests.LoginTest.loginAdmin(LoginTest.java:11)
	at com.enviopack.tests.LoginTest.loginAdmin(LoginTest.java:11)
	at com.enviopack.tests.LoginTest.loginAdmin(LoginTest.java:11)
	at com.enviopack.tests.LoginTest.loginAdmin(LoginTest.java:11)
	at com.enviopack.tests.LoginTest.loginAdmin(LoginTest.java:11)
	at com.enviopack.tests.LoginTest.loginAdmin(LoginTest.java:11)
	at com.enviopack.tests.LoginTest.loginAdmin(LoginTest.java:11)
	at com.enviopack.tests.LoginTest.loginAdmin(LoginTest.java:11)
	at com.enviopack.tests.LoginTest.loginAdmin(LoginTest.java:11)
	at com.enviopack.tests.LoginTest.loginAdmin(LoginTest.java:11)
	at com.enviopack.tests.LoginTest.loginAdmin(LoginTest.java:11)
	at com.enviopack.tests.LoginTest.loginAdmin(LoginTest.java:11)
	at com.enviopack.tests.LoginTest.loginAdmin(LoginTest.java:11)
	at com.enviopack.tests.LoginTest.loginAdmin(LoginTest.java:11)
	at com.enviopack.tests.LoginTest.loginAdmin(LoginTest.java:11)
	at com.enviopack.tests.LoginTest.loginAdmin(LoginTest.java:11)
	at com.enviopack.tests.LoginTest.loginAdmin(LoginTest.java:11)
	at com.enviopack.tests.LoginTest.loginAdmin(LoginTest.java:11)
	at com.enviopack.tests.LoginTest.loginAdmin(LoginTest.java:11)
	at com.enviopack.tests.LoginTest.loginAdmin(LoginTest.java:11)
	at com.enviopack.tests.LoginTest.loginAdmin(LoginTest.java:11)
	at com.enviopack.tests.LoginTest.loginAdmin(LoginTest.java:11)
	at com.enviopack.tests.LoginTest.loginAdmin(LoginTest.java:11)
	at com.enviopack.tests.LoginTest.loginAdmin(LoginTest.java:11)
	at com.enviopack.tests.LoginTest.loginAdmin(LoginTest.java:11)
	at com.enviopack.tests.LoginTest.loginAdmin(LoginTest.java:11)
	at com.enviopack.tests.LoginTest.loginAdmin(LoginTest.java:11)
	at com.enviopack.tests.LoginTest.loginAdmin(LoginTest.java:11)
	at com.enviopack.tests.LoginTest.loginAdmin(LoginTest.java:11)
	at com.enviopack.tests.LoginTest.loginAdmin(LoginTest.java:11)
	at com.enviopack.tests.LoginTest.loginAdmin(LoginTest.java:11)
	at com.enviopack.tests.LoginTest.loginAdmin(LoginTest.java:11)
	at com.enviopack.tests.LoginTest.loginAdmin(LoginTest.java:11)
	at com.enviopack.tests.LoginTest.loginAdmin(LoginTest.java:11)
	at com.enviopack.tests.LoginTest.loginAdmin(LoginTest.java:11)
	at com.enviopack.tests.LoginTest.loginAdmin(LoginTest.java:11)
	at com.enviopack.tests.LoginTest.loginAdmin(LoginTest.java:11)
	at com.enviopack.tests.LoginTest.loginAdmin(LoginTest.java:11)
	at com.enviopack.tests.LoginTest.loginAdmin(LoginTest.java:11)
	at com.enviopack.tests.LoginTest.loginAdmin(LoginTest.java:11)
	at com.enviopack.tests.LoginTest.loginAdmin(LoginTest.java:11)
	at com.enviopack.tests.LoginTest.loginAdmin(LoginTest.java:11)
	at com.enviopack.tests.LoginTest.loginAdmin(LoginTest.java:11)
	at com.enviopack.tests.LoginTest.loginAdmin(LoginTest.java:11)
	at com.enviopack.tests.LoginTest.loginAdmin(LoginTest.java:11)
	at com.enviopack.tests.LoginTest.loginAdmin(LoginTest.java:11)
	at com.enviopack.tests.LoginTest.loginAdmin(LoginTest.java:11)
	at com.enviopack.tests.LoginTest.loginAdmin(LoginTest.java:11)
	at com.enviopack.tests.LoginTest.loginAdmin(LoginTest.java:11)
	at com.enviopack.tests.LoginTest.loginAdmin(LoginTest.java:11)
	at com.enviopack.tests.LoginTest.loginAdmin(LoginTest.java:11)
	at com.enviopack.tests.LoginTest.loginAdmin(LoginTest.java:11)
	at com.enviopack.tests.LoginTest.loginAdmin(LoginTest.java:11)
	at com.enviopack.tests.LoginTest.loginAdmin(LoginTest.java:11)
	at com.enviopack.tests.LoginTest.loginAdmin(LoginTest.java:11)
	at com.enviopack.tests.LoginTest.loginAdmin(LoginTest.java:11)
	at com.enviopack.tests.LoginTest.loginAdmin(LoginTest.java:11)
	at com.enviopack.tests.LoginTest.loginAdmin(LoginTest.java:11)
	at com.enviopack.tests.LoginTest.loginAdmin(LoginTest.java:11)
	at com.enviopack.tests.LoginTest.loginAdmin(LoginTest.java:11)
	at com.enviopack.tests.LoginTest.loginAdmin(LoginTest.java:11)
	at com.enviopack.tests.LoginTest.loginAdmin(LoginTest.java:11)
	at com.enviopack.tests.LoginTest.loginAdmin(LoginTest.java:11)
	at com.enviopack.tests.LoginTest.loginAdmin(LoginTest.java:11)
	at com.enviopack.tests.LoginTest.loginAdmin(LoginTest.java:11)
	at com.enviopack.tests.LoginTest.loginAdmin(LoginTest.java:11)
	at com.enviopack.tests.LoginTest.loginAdmin(LoginTest.java:11)
	at com.enviopack.tests.LoginTest.loginAdmin(LoginTest.java:11)
	at com.enviopack.tests.LoginTest.loginAdmin(LoginTest.java:11)
	at com.enviopack.tests.LoginTest.loginAdmin(LoginTest.java:11)
	at com.enviopack.tests.LoginTest.loginAdmin(LoginTest.java:11)
	at com.enviopack.tests.LoginTest.loginAdmin(LoginTest.java:11)
	at com.enviopack.tests.LoginTest.loginAdmin(LoginTest.java:11)
	at com.enviopack.tests.LoginTest.loginAdmin(LoginTest.java:11)
	at com.enviopack.tests.LoginTest.loginAdmin(LoginTest.java:11)
	at com.enviopack.tests.LoginTest.loginAdmin(LoginTest.java:11)
	at com.enviopack.tests.LoginTest.loginAdmin(LoginTest.java:11)
	at com.enviopack.tests.LoginTest.loginAdmin(LoginTest.java:11)
	at com.enviopack.tests.LoginTest.loginAdmin(LoginTest.java:11)
	at com.enviopack.tests.LoginTest.loginAdmin(LoginTest.java:11)
	at com.enviopack.tests.LoginTest.loginAdmin(LoginTest.java:11)
	at com.enviopack.tests.LoginTest.loginAdmin(LoginTest.java:11)
	at com.enviopack.tests.LoginTest.loginAdmin(LoginTest.java:11)
	at com.enviopack.tests.LoginTest.loginAdmin(LoginTest.java:11)
	at com.enviopack.tests.LoginTest.loginAdmin(LoginTest.java:11)
	at com.enviopack.tests.LoginTest.loginAdmin(LoginTest.java:11)
	at com.enviopack.tests.LoginTest.loginAdmin(LoginTest.java:11)
	at com.enviopack.tests.LoginTest.loginAdmin(LoginTest.java:11)
	at com.enviopack.tests.LoginTest.loginAdmin(LoginTest.java:11)
	at com.enviopack.tests.LoginTest.loginAdmin(LoginTest.java:11)
	at com.enviopack.tests.LoginTest.loginAdmin(LoginTest.java:11)
	at com.enviopack.tests.LoginTest.loginAdmin(LoginTest.java:11)
	at com.enviopack.tests.LoginTest.loginAdmin(LoginTest.java:11)
	at com.enviopack.tests.LoginTest.loginAdmin(LoginTest.java:11)
	at com.enviopack.tests.LoginTest.loginAdmin(LoginTest.java:11)
	at com.enviopack.tests.LoginTest.loginAdmin(LoginTest.java:11)
	at com.enviopack.tests.LoginTest.loginAdmin(LoginTest.java:11)
	at com.enviopack.tests.LoginTest.loginAdmin(LoginTest.java:11)
	at com.enviopack.tests.LoginTest.loginAdmin(LoginTest.java:11)
	at com.enviopack.tests.LoginTest.loginAdmin(LoginTest.java:11)
	at com.enviopack.tests.LoginTest.loginAdmin(LoginTest.java:11)
	at com.enviopack.tests.LoginTest.loginAdmin(LoginTest.java:11)
	at com.enviopack.tests.LoginTest.loginAdmin(LoginTest.java:11)
	at com.enviopack.tests.LoginTest.loginAdmin(LoginTest.java:11)
	at com.enviopack.tests.LoginTest.loginAdmin(LoginTest.java:11)
	at com.enviopack.tests.LoginTest.loginAdmin(LoginTest.java:11)
	at com.enviopack.tests.LoginTest.loginAdmin(LoginTest.java:11)
	at com.enviopack.tests.LoginTest.loginAdmin(LoginTest.java:11)
	at com.enviopack.tests.LoginTest.loginAdmin(LoginTest.java:11)
	at com.enviopack.tests.LoginTest.loginAdmin(LoginTest.java:11)
	at com.enviopack.tests.LoginTest.loginAdmin(LoginTest.java:11)
	at com.enviopack.tests.LoginTest.loginAdmin(LoginTest.java:11)
	at com.enviopack.tests.LoginTest.loginAdmin(LoginTest.java:11)
	at com.enviopack.tests.LoginTest.loginAdmin(LoginTest.java:11)
	at com.enviopack.tests.LoginTest.loginAdmin(LoginTest.java:11)
	at com.enviopack.tests.LoginTest.loginAdmin(LoginTest.java:11)
	at com.enviopack.tests.LoginTest.loginAdmin(LoginTest.java:11)
	at com.enviopack.tests.LoginTest.loginAdmin(LoginTest.java:11)
	at com.enviopack.tests.LoginTest.loginAdmin(LoginTest.java:11)
	at com.enviopack.tests.LoginTest.loginAdmin(LoginTest.java:11)
	at com.enviopack.tests.LoginTest.loginAdmin(LoginTest.java:11)
	at com.enviopack.tests.LoginTest.loginAdmin(LoginTest.java:11)
	at com.enviopack.tests.LoginTest.loginAdmin(LoginTest.java:11)
	at com.enviopack.tests.LoginTest.loginAdmin(LoginTest.java:11)
	at com.enviopack.tests.LoginTest.loginAdmin(LoginTest.java:11)
	at com.enviopack.tests.LoginTest.loginAdmin(LoginTest.java:11)
	at com.enviopack.tests.LoginTest.loginAdmin(LoginTest.java:11)
	at com.enviopack.tests.LoginTest.loginAdmin(LoginTest.java:11)
	at com.enviopack.tests.LoginTest.loginAdmin(LoginTest.java:11)
	at com.enviopack.tests.LoginTest.loginAdmin(LoginTest.java:11)
	at com.enviopack.tests.LoginTest.loginAdmin(LoginTest.java:11)
	at com.enviopack.tests.LoginTest.loginAdmin(LoginTest.java:11)
	at com.enviopack.tests.LoginTest.loginAdmin(LoginTest.java:11)
	at com.enviopack.tests.LoginTest.loginAdmin(LoginTest.java:11)
	at com.enviopack.tests.LoginTest.loginAdmin(LoginTest.java:11)
	at com.enviopack.tests.LoginTest.loginAdmin(LoginTest.java:11)
	at com.enviopack.tests.LoginTest.loginAdmin(LoginTest.java:11)
	at com.enviopack.tests.LoginTest.loginAdmin(LoginTest.java:11)
	at com.enviopack.tests.LoginTest.loginAdmin(LoginTest.java:11)
	at com.enviopack.tests.LoginTest.loginAdmin(LoginTest.java:11)
	at com.enviopack.tests.LoginTest.loginAdmin(LoginTest.java:11)
	at com.enviopack.tests.LoginTest.loginAdmin(LoginTest.java:11)
	at com.enviopack.tests.LoginTest.loginAdmin(LoginTest.java:11)
	at com.enviopack.tests.LoginTest.loginAdmin(LoginTest.java:11)
	at com.enviopack.tests.LoginTest.loginAdmin(LoginTest.java:11)
	at com.enviopack.tests.LoginTest.loginAdmin(LoginTest.java:11)
	at com.enviopack.tests.LoginTest.loginAdmin(LoginTest.java:11)
	at com.enviopack.tests.LoginTest.loginAdmin(LoginTest.java:11)
	at com.enviopack.tests.LoginTest.loginAdmin(LoginTest.java:11)
	at com.enviopack.tests.LoginTest.loginAdmin(LoginTest.java:11)
	at com.enviopack.tests.LoginTest.loginAdmin(LoginTest.java:11)
	at com.enviopack.tests.LoginTest.loginAdmin(LoginTest.java:11)
	at com.enviopack.tests.LoginTest.loginAdmin(LoginTest.java:11)
	at com.enviopack.tests.LoginTest.loginAdmin(LoginTest.java:11)
	at com.enviopack.tests.LoginTest.loginAdmin(LoginTest.java:11)
	at com.enviopack.tests.LoginTest.loginAdmin(LoginTest.java:11)
	at com.enviopack.tests.LoginTest.loginAdmin(LoginTest.java:11)
	at com.enviopack.tests.LoginTest.loginAdmin(LoginTest.java:11)
	at com.enviopack.tests.LoginTest.loginAdmin(LoginTest.java:11)
	at com.enviopack.tests.LoginTest.loginAdmin(LoginTest.java:11)
	at com.enviopack.tests.LoginTest.loginAdmin(LoginTest.java:11)
	at com.enviopack.tests.LoginTest.loginAdmin(LoginTest.java:11)
	at com.enviopack.tests.LoginTest.loginAdmin(LoginTest.java:11)
	at com.enviopack.tests.LoginTest.loginAdmin(LoginTest.java:11)
	at com.enviopack.tests.LoginTest.loginAdmin(LoginTest.java:11)
	at com.enviopack.tests.LoginTest.loginAdmin(LoginTest.java:11)
	at com.enviopack.tests.LoginTest.loginAdmin(LoginTest.java:11)
	at com.enviopack.tests.LoginTest.loginAdmin(LoginTest.java:11)
	at com.enviopack.tests.LoginTest.loginAdmin(LoginTest.java:11)
	at com.enviopack.tests.LoginTest.loginAdmin(LoginTest.java:11)
	at com.enviopack.tests.LoginTest.loginAdmin(LoginTest.java:11)
	at com.enviopack.tests.LoginTest.loginAdmin(LoginTest.java:11)
	at com.enviopack.tests.LoginTest.loginAdmin(LoginTest.java:11)
	at com.enviopack.tests.LoginTest.loginAdmin(LoginTest.java:11)
	at com.enviopack.tests.LoginTest.loginAdmin(LoginTest.java:11)
	at com.enviopack.tests.LoginTest.loginAdmin(LoginTest.java:11)
	at com.enviopack.tests.LoginTest.loginAdmin(LoginTest.java:11)
	at com.enviopack.tests.LoginTest.loginAdmin(LoginTest.java:11)
	at com.enviopack.tests.LoginTest.loginAdmin(LoginTest.java:11)
	at com.enviopack.tests.LoginTest.loginAdmin(LoginTest.java:11)
	at com.enviopack.tests.LoginTest.loginAdmin(LoginTest.java:11)
	at com.enviopack.tests.LoginTest.loginAdmin(LoginTest.java:11)
	at com.enviopack.tests.LoginTest.loginAdmin(LoginTest.java:11)
	at com.enviopack.tests.LoginTest.loginAdmin(LoginTest.java:11)
	at com.enviopack.tests.LoginTest.loginAdmin(LoginTest.java:11)
	at com.enviopack.tests.LoginTest.loginAdmin(LoginTest.java:11)
	at com.enviopack.tests.LoginTest.loginAdmin(LoginTest.java:11)
	at com.enviopack.tests.LoginTest.loginAdmin(LoginTest.java:11)
	at com.enviopack.tests.LoginTest.loginAdmin(LoginTest.java:11)
	at com.enviopack.tests.LoginTest.loginAdmin(LoginTest.java:11)
	at com.enviopack.tests.LoginTest.loginAdmin(LoginTest.java:11)
	at com.enviopack.tests.LoginTest.loginAdmin(LoginTest.java:11)
	at com.enviopack.tests.LoginTest.loginAdmin(LoginTest.java:11)
	at com.enviopack.tests.LoginTest.loginAdmin(LoginTest.java:11)
	at com.enviopack.tests.LoginTest.loginAdmin(LoginTest.java:11)
	at com.enviopack.tests.LoginTest.loginAdmin(LoginTest.java:11)
	at com.enviopack.tests.LoginTest.loginAdmin(LoginTest.java:11)
	at com.enviopack.tests.LoginTest.loginAdmin(LoginTest.java:11)
	at com.enviopack.tests.LoginTest.loginAdmin(LoginTest.java:11)
	at com.enviopack.tests.LoginTest.loginAdmin(LoginTest.java:11)
	at com.enviopack.tests.LoginTest.loginAdmin(LoginTest.java:11)
	at com.enviopack.tests.LoginTest.loginAdmin(LoginTest.java:11)
	at com.enviopack.tests.LoginTest.loginAdmin(LoginTest.java:11)
	at com.enviopack.tests.LoginTest.loginAdmin(LoginTest.java:11)
	at com.enviopack.tests.LoginTest.loginAdmin(LoginTest.java:11)
	at com.enviopack.tests.LoginTest.loginAdmin(LoginTest.java:11)
	at com.enviopack.tests.LoginTest.loginAdmin(LoginTest.java:11)
	at com.enviopack.tests.LoginTest.loginAdmin(LoginTest.java:11)
	at com.enviopack.tests.LoginTest.loginAdmin(LoginTest.java:11)
	at com.enviopack.tests.LoginTest.loginAdmin(LoginTest.java:11)
	at com.enviopack.tests.LoginTest.loginAdmin(LoginTest.java:11)
	at com.enviopack.tests.LoginTest.loginAdmin(LoginTest.java:11)
	at com.enviopack.tests.LoginTest.loginAdmin(LoginTest.java:11)
	at com.enviopack.tests.LoginTest.loginAdmin(LoginTest.java:11)
	at com.enviopack.tests.LoginTest.loginAdmin(LoginTest.java:11)
	at com.enviopack.tests.LoginTest.loginAdmin(LoginTest.java:11)
	at com.enviopack.tests.LoginTest.loginAdmin(LoginTest.java:11)
	at com.enviopack.tests.LoginTest.loginAdmin(LoginTest.java:11)
	at com.enviopack.tests.LoginTest.loginAdmin(LoginTest.java:11)
	at com.enviopack.tests.LoginTest.loginAdmin(LoginTest.java:11)
	at com.enviopack.tests.LoginTest.loginAdmin(LoginTest.java:11)
	at com.enviopack.tests.LoginTest.loginAdmin(LoginTest.java:11)
	at com.enviopack.tests.LoginTest.loginAdmin(LoginTest.java:11)
	at com.enviopack.tests.LoginTest.loginAdmin(LoginTest.java:11)
	at com.enviopack.tests.LoginTest.loginAdmin(LoginTest.java:11)
	at com.enviopack.tests.LoginTest.loginAdmin(LoginTest.java:11)
	at com.enviopack.tests.LoginTest.loginAdmin(LoginTest.java:11)
	at com.enviopack.tests.LoginTest.loginAdmin(LoginTest.java:11)
	at com.enviopack.tests.LoginTest.loginAdmin(LoginTest.java:11)
	at com.enviopack.tests.LoginTest.loginAdmin(LoginTest.java:11)
	at com.enviopack.tests.LoginTest.loginAdmin(LoginTest.java:11)
	at com.enviopack.tests.LoginTest.loginAdmin(LoginTest.java:11)
	at com.enviopack.tests.LoginTest.loginAdmin(LoginTest.java:11)
	at com.enviopack.tests.LoginTest.loginAdmin(LoginTest.java:11)
	at com.enviopack.tests.LoginTest.loginAdmin(LoginTest.java:11)
	at com.enviopack.tests.LoginTest.loginAdmin(LoginTest.java:11)
	at com.enviopack.tests.LoginTest.loginAdmin(LoginTest.java:11)
	at com.enviopack.tests.LoginTest.loginAdmin(LoginTest.java:11)
	at com.enviopack.tests.LoginTest.loginAdmin(LoginTest.java:11)
	at com.enviopack.tests.LoginTest.loginAdmin(LoginTest.java:11)
	at com.enviopack.tests.LoginTest.loginAdmin(LoginTest.java:11)
	at com.enviopack.tests.LoginTest.loginAdmin(LoginTest.java:11)
	at com.enviopack.tests.LoginTest.loginAdmin(LoginTest.java:11)
	at com.enviopack.tests.LoginTest.loginAdmin(LoginTest.java:11)
	at com.enviopack.tests.LoginTest.loginAdmin(LoginTest.java:11)
	at com.enviopack.tests.LoginTest.loginAdmin(LoginTest.java:11)
	at com.enviopack.tests.LoginTest.loginAdmin(LoginTest.java:11)
	at com.enviopack.tests.LoginTest.loginAdmin(LoginTest.java:11)
	at com.enviopack.tests.LoginTest.loginAdmin(LoginTest.java:11)
	at com.enviopack.tests.LoginTest.loginAdmin(LoginTest.java:11)
	at com.enviopack.tests.LoginTest.loginAdmin(LoginTest.java:11)
	at com.enviopack.tests.LoginTest.loginAdmin(LoginTest.java:11)
	at com.enviopack.tests.LoginTest.loginAdmin(LoginTest.java:11)
	at com.enviopack.tests.LoginTest.loginAdmin(LoginTest.java:11)
	at com.enviopack.tests.LoginTest.loginAdmin(LoginTest.java:11)
	at com.enviopack.tests.LoginTest.loginAdmin(LoginTest.java:11)
	at com.enviopack.tests.LoginTest.loginAdmin(LoginTest.java:11)
	at com.enviopack.tests.LoginTest.loginAdmin(LoginTest.java:11)
	at com.enviopack.tests.LoginTest.loginAdmin(LoginTest.java:11)
	at com.enviopack.tests.LoginTest.loginAdmin(LoginTest.java:11)
	at com.enviopack.tests.LoginTest.loginAdmin(LoginTest.java:11)
	at com.enviopack.tests.LoginTest.loginAdmin(LoginTest.java:11)
	at com.enviopack.tests.LoginTest.loginAdmin(LoginTest.java:11)
	at com.enviopack.tests.LoginTest.loginAdmin(LoginTest.java:11)
	at com.enviopack.tests.LoginTest.loginAdmin(LoginTest.java:11)
	at com.enviopack.tests.LoginTest.loginAdmin(LoginTest.java:11)
	at com.enviopack.tests.LoginTest.loginAdmin(LoginTest.java:11)
	at com.enviopack.tests.LoginTest.loginAdmin(LoginTest.java:11)
	at com.enviopack.tests.LoginTest.loginAdmin(LoginTest.java:11)
	at com.enviopack.tests.LoginTest.loginAdmin(LoginTest.java:11)
	at com.enviopack.tests.LoginTest.loginAdmin(LoginTest.java:11)
	at com.enviopack.tests.LoginTest.loginAdmin(LoginTest.java:11)
	at com.enviopack.tests.LoginTest.loginAdmin(LoginTest.java:11)
	at com.enviopack.tests.LoginTest.loginAdmin(LoginTest.java:11)
	at com.enviopack.tests.LoginTest.loginAdmin(LoginTest.java:11)
	at com.enviopack.tests.LoginTest.loginAdmin(LoginTest.java:11)
	at com.enviopack.tests.LoginTest.loginAdmin(LoginTest.java:11)
	at com.enviopack.tests.LoginTest.loginAdmin(LoginTest.java:11)
	at com.enviopack.tests.LoginTest.loginAdmin(LoginTest.java:11)
	at com.enviopack.tests.LoginTest.loginAdmin(LoginTest.java:11)
	at com.enviopack.tests.LoginTest.loginAdmin(LoginTest.java:11)
	at com.enviopack.tests.LoginTest.loginAdmin(LoginTest.java:11)
	at com.enviopack.tests.LoginTest.loginAdmin(LoginTest.java:11)
	at com.enviopack.tests.LoginTest.loginAdmin(LoginTest.java:11)
	at com.enviopack.tests.LoginTest.loginAdmin(LoginTest.java:11)
	at com.enviopack.tests.LoginTest.loginAdmin(LoginTest.java:11)
	at com.enviopack.tests.LoginTest.loginAdmin(LoginTest.java:11)
	at com.enviopack.tests.LoginTest.loginAdmin(LoginTest.java:11)
	at com.enviopack.tests.LoginTest.loginAdmin(LoginTest.java:11)
	at com.enviopack.tests.LoginTest.loginAdmin(LoginTest.java:11)
	at com.enviopack.tests.LoginTest.loginAdmin(LoginTest.java:11)
	at com.enviopack.tests.LoginTest.loginAdmin(LoginTest.java:11)
	at com.enviopack.tests.LoginTest.loginAdmin(LoginTest.java:11)
	at com.enviopack.tests.LoginTest.loginAdmin(LoginTest.java:11)
	at com.enviopack.tests.LoginTest.loginAdmin(LoginTest.java:11)
	at com.enviopack.tests.LoginTest.loginAdmin(LoginTest.java:11)
	at com.enviopack.tests.LoginTest.loginAdmin(LoginTest.java:11)
	at com.enviopack.tests.LoginTest.loginAdmin(LoginTest.java:11)
	at com.enviopack.tests.LoginTest.loginAdmin(LoginTest.java:11)
	at com.enviopack.tests.LoginTest.loginAdmin(LoginTest.java:11)
	at com.enviopack.tests.LoginTest.loginAdmin(LoginTest.java:11)
	at com.enviopack.tests.LoginTest.loginAdmin(LoginTest.java:11)
	at com.enviopack.tests.LoginTest.loginAdmin(LoginTest.java:11)
	at com.enviopack.tests.LoginTest.loginAdmin(LoginTest.java:11)
	at com.enviopack.tests.LoginTest.loginAdmin(LoginTest.java:11)
	at com.enviopack.tests.LoginTest.loginAdmin(LoginTest.java:11)
	at com.enviopack.tests.LoginTest.loginAdmin(LoginTest.java:11)
	at com.enviopack.tests.LoginTest.loginAdmin(LoginTest.java:11)
	at com.enviopack.tests.LoginTest.loginAdmin(LoginTest.java:11)
	at com.enviopack.tests.LoginTest.loginAdmin(LoginTest.java:11)
	at com.enviopack.tests.LoginTest.loginAdmin(LoginTest.java:11)
	at com.enviopack.tests.LoginTest.loginAdmin(LoginTest.java:11)
	at com.enviopack.tests.LoginTest.loginAdmin(LoginTest.java:11)
	at com.enviopack.tests.LoginTest.loginAdmin(LoginTest.java:11)
	at com.enviopack.tests.LoginTest.loginAdmin(LoginTest.java:11)
	at com.enviopack.tests.LoginTest.loginAdmin(LoginTest.java:11)
	at com.enviopack.tests.LoginTest.loginAdmin(LoginTest.java:11)
	at com.enviopack.tests.LoginTest.loginAdmin(LoginTest.java:11)
	at com.enviopack.tests.LoginTest.loginAdmin(LoginTest.java:11)
	at com.enviopack.tests.LoginTest.loginAdmin(LoginTest.java:11)
	at com.enviopack.tests.LoginTest.loginAdmin(LoginTest.java:11)
	at com.enviopack.tests.LoginTest.loginAdmin(LoginTest.java:11)
	at com.enviopack.tests.LoginTest.loginAdmin(LoginTest.java:11)
	at com.enviopack.tests.LoginTest.loginAdmin(LoginTest.java:11)
	at com.enviopack.tests.LoginTest.loginAdmin(LoginTest.java:11)
	at com.enviopack.tests.LoginTest.loginAdmin(LoginTest.java:11)
	at com.enviopack.tests.LoginTest.loginAdmin(LoginTest.java:11)
	at com.enviopack.tests.LoginTest.loginAdmin(LoginTest.java:11)
	at com.enviopack.tests.LoginTest.loginAdmin(LoginTest.java:11)
	at com.enviopack.tests.LoginTest.loginAdmin(LoginTest.java:11)
	at com.enviopack.tests.LoginTest.loginAdmin(LoginTest.java:11)
	at com.enviopack.tests.LoginTest.loginAdmin(LoginTest.java:11)
	at com.enviopack.tests.LoginTest.loginAdmin(LoginTest.java:11)
	at com.enviopack.tests.LoginTest.loginAdmin(LoginTest.java:11)
	at com.enviopack.tests.LoginTest.loginAdmin(LoginTest.java:11)
	at com.enviopack.tests.LoginTest.loginAdmin(LoginTest.java:11)
	at com.enviopack.tests.LoginTest.loginAdmin(LoginTest.java:11)
	at com.enviopack.tests.LoginTest.loginAdmin(LoginTest.java:11)
	at com.enviopack.tests.LoginTest.loginAdmin(LoginTest.java:11)
	at com.enviopack.tests.LoginTest.loginAdmin(LoginTest.java:11)
	at com.enviopack.tests.LoginTest.loginAdmin(LoginTest.java:11)
	at com.enviopack.tests.LoginTest.loginAdmin(LoginTest.java:11)
	at com.enviopack.tests.LoginTest.loginAdmin(LoginTest.java:11)
	at com.enviopack.tests.LoginTest.loginAdmin(LoginTest.java:11)
	at com.enviopack.tests.LoginTest.loginAdmin(LoginTest.java:11)
	at com.enviopack.tests.LoginTest.loginAdmin(LoginTest.java:11)
	at com.enviopack.tests.LoginTest.loginAdmin(LoginTest.java:11)
	at com.enviopack.tests.LoginTest.loginAdmin(LoginTest.java:11)
	at com.enviopack.tests.LoginTest.loginAdmin(LoginTest.java:11)
	at com.enviopack.tests.LoginTest.loginAdmin(LoginTest.java:11)
	at com.enviopack.tests.LoginTest.loginAdmin(LoginTest.java:11)
	at com.enviopack.tests.LoginTest.loginAdmin(LoginTest.java:11)
	at com.enviopack.tests.LoginTest.loginAdmin(LoginTest.java:11)
	at com.enviopack.tests.LoginTest.loginAdmin(LoginTest.java:11)
	at com.enviopack.tests.LoginTest.loginAdmin(LoginTest.java:11)
	at com.enviopack.tests.LoginTest.loginAdmin(LoginTest.java:11)
	at com.enviopack.tests.LoginTest.loginAdmin(LoginTest.java:11)
	at com.enviopack.tests.LoginTest.loginAdmin(LoginTest.java:11)
	at com.enviopack.tests.LoginTest.loginAdmin(LoginTest.java:11)
	at com.enviopack.tests.LoginTest.loginAdmin(LoginTest.java:11)
	at com.enviopack.tests.LoginTest.loginAdmin(LoginTest.java:11)
	at com.enviopack.tests.LoginTest.loginAdmin(LoginTest.java:11)
	at com.enviopack.tests.LoginTest.loginAdmin(LoginTest.java:11)
	at com.enviopack.tests.LoginTest.loginAdmin(LoginTest.java:11)
	at com.enviopack.tests.LoginTest.loginAdmin(LoginTest.java:11)
	at com.enviopack.tests.LoginTest.loginAdmin(LoginTest.java:11)
	at com.enviopack.tests.LoginTest.loginAdmin(LoginTest.java:11)
	at com.enviopack.tests.LoginTest.loginAdmin(LoginTest.java:11)
	at com.enviopack.tests.LoginTest.loginAdmin(LoginTest.java:11)
	at com.enviopack.tests.LoginTest.loginAdmin(LoginTest.java:11)
	at com.enviopack.tests.LoginTest.loginAdmin(LoginTest.java:11)
	at com.enviopack.tests.LoginTest.loginAdmin(LoginTest.java:11)
	at com.enviopack.tests.LoginTest.loginAdmin(LoginTest.java:11)
	at com.enviopack.tests.LoginTest.loginAdmin(LoginTest.java:11)
	at com.enviopack.tests.LoginTest.loginAdmin(LoginTest.java:11)
	at com.enviopack.tests.LoginTest.loginAdmin(LoginTest.java:11)
	at com.enviopack.tests.LoginTest.loginAdmin(LoginTest.java:11)
	at com.enviopack.tests.LoginTest.loginAdmin(LoginTest.java:11)
	at com.enviopack.tests.LoginTest.loginAdmin(LoginTest.java:11)
	at com.enviopack.tests.LoginTest.loginAdmin(LoginTest.java:11)
	at com.enviopack.tests.LoginTest.loginAdmin(LoginTest.java:11)
	at com.enviopack.tests.LoginTest.loginAdmin(LoginTest.java:11)
	at com.enviopack.tests.LoginTest.loginAdmin(LoginTest.java:11)
	at com.enviopack.tests.LoginTest.loginAdmin(LoginTest.java:11)
	at com.enviopack.tests.LoginTest.loginAdmin(LoginTest.java:11)
	at com.enviopack.tests.LoginTest.loginAdmin(LoginTest.java:11)
	at com.enviopack.tests.LoginTest.loginAdmin(LoginTest.java:11)
	at com.enviopack.tests.LoginTest.loginAdmin(LoginTest.java:11)
	at com.enviopack.tests.LoginTest.loginAdmin(LoginTest.java:11)
	at com.enviopack.tests.LoginTest.loginAdmin(LoginTest.java:11)
	at com.enviopack.tests.LoginTest.loginAdmin(LoginTest.java:11)
	at com.enviopack.tests.LoginTest.loginAdmin(LoginTest.java:11)
	at com.enviopack.tests.LoginTest.loginAdmin(LoginTest.java:11)
	at com.enviopack.tests.LoginTest.loginAdmin(LoginTest.java:11)
	at com.enviopack.tests.LoginTest.loginAdmin(LoginTest.java:11)
	at com.enviopack.tests.LoginTest.loginAdmin(LoginTest.java:11)
	at com.enviopack.tests.LoginTest.loginAdmin(LoginTest.java:11)
	at com.enviopack.tests.LoginTest.loginAdmin(LoginTest.java:11)
	at com.enviopack.tests.LoginTest.loginAdmin(LoginTest.java:11)
	at com.enviopack.tests.LoginTest.loginAdmin(LoginTest.java:11)
	at com.enviopack.tests.LoginTest.loginAdmin(LoginTest.java:11)
	at com.enviopack.tests.LoginTest.loginAdmin(LoginTest.java:11)
	at com.enviopack.tests.LoginTest.loginAdmin(LoginTest.java:11)
	at com.enviopack.tests.LoginTest.loginAdmin(LoginTest.java:11)
	at com.enviopack.tests.LoginTest.loginAdmin(LoginTest.java:11)
	at com.enviopack.tests.LoginTest.loginAdmin(LoginTest.java:11)
	at com.enviopack.tests.LoginTest.loginAdmin(LoginTest.java:11)
	at com.enviopack.tests.LoginTest.loginAdmin(LoginTest.java:11)
	at com.enviopack.tests.LoginTest.loginAdmin(LoginTest.java:11)
	at com.enviopack.tests.LoginTest.loginAdmin(LoginTest.java:11)
	at com.enviopack.tests.LoginTest.loginAdmin(LoginTest.java:11)
	at com.enviopack.tests.LoginTest.loginAdmin(LoginTest.java:11)
	at com.enviopack.tests.LoginTest.loginAdmin(LoginTest.java:11)
	at com.enviopack.tests.LoginTest.loginAdmin(LoginTest.java:11)
	at com.enviopack.tests.LoginTest.loginAdmin(LoginTest.java:11)
	at com.enviopack.tests.LoginTest.loginAdmin(LoginTest.java:11)
	at com.enviopack.tests.LoginTest.loginAdmin(LoginTest.java:11)
	at com.enviopack.tests.LoginTest.loginAdmin(LoginTest.java:11)
	at com.enviopack.tests.LoginTest.loginAdmin(LoginTest.java:11)
	at com.enviopack.tests.LoginTest.loginAdmin(LoginTest.java:11)
	at com.enviopack.tests.LoginTest.loginAdmin(LoginTest.java:11)
	at com.enviopack.tests.LoginTest.loginAdmin(LoginTest.java:11)
	at com.enviopack.tests.LoginTest.loginAdmin(LoginTest.java:11)
	at com.enviopack.tests.LoginTest.loginAdmin(LoginTest.java:11)
	at com.enviopack.tests.LoginTest.loginAdmin(LoginTest.java:11)
	at com.enviopack.tests.LoginTest.loginAdmin(LoginTest.java:11)
	at com.enviopack.tests.LoginTest.loginAdmin(LoginTest.java:11)
	at com.enviopack.tests.LoginTest.loginAdmin(LoginTest.java:11)
	at com.enviopack.tests.LoginTest.loginAdmin(LoginTest.java:11)
	at com.enviopack.tests.LoginTest.loginAdmin(LoginTest.java:11)
	at com.enviopack.tests.LoginTest.loginAdmin(LoginTest.java:11)
	at com.enviopack.tests.LoginTest.loginAdmin(LoginTest.java:11)
	at com.enviopack.tests.LoginTest.loginAdmin(LoginTest.java:11)
	at com.enviopack.tests.LoginTest.loginAdmin(LoginTest.java:11)
	at com.enviopack.tests.LoginTest.loginAdmin(LoginTest.java:11)
	at com.enviopack.tests.LoginTest.loginAdmin(LoginTest.java:11)
	at com.enviopack.tests.LoginTest.loginAdmin(LoginTest.java:11)
	at com.enviopack.tests.LoginTest.loginAdmin(LoginTest.java:11)
	at com.enviopack.tests.LoginTest.loginAdmin(LoginTest.java:11)
	at com.enviopack.tests.LoginTest.loginAdmin(LoginTest.java:11)
	at com.enviopack.tests.LoginTest.loginAdmin(LoginTest.java:11)
	at com.enviopack.tests.LoginTest.loginAdmin(LoginTest.java:11)
	at com.enviopack.tests.LoginTest.loginAdmin(LoginTest.java:11)
	at com.enviopack.tests.LoginTest.loginAdmin(LoginTest.java:11)
	at com.enviopack.tests.LoginTest.loginAdmin(LoginTest.java:11)
	at com.enviopack.tests.LoginTest.loginAdmin(LoginTest.java:11)
	at com.enviopack.tests.LoginTest.loginAdmin(LoginTest.java:11)
	at com.enviopack.tests.LoginTest.loginAdmin(LoginTest.java:11)
	at com.enviopack.tests.LoginTest.loginAdmin(LoginTest.java:11)
	at com.enviopack.tests.LoginTest.loginAdmin(LoginTest.java:11)
	at com.enviopack.tests.LoginTest.loginAdmin(LoginTest.java:11)
	at com.enviopack.tests.LoginTest.loginAdmin(LoginTest.java:11)
	at com.enviopack.tests.LoginTest.loginAdmin(LoginTest.java:11)
	at com.enviopack.tests.LoginTest.loginAdmin(LoginTest.java:11)
	at com.enviopack.tests.LoginTest.loginAdmin(LoginTest.java:11)
	at com.enviopack.tests.LoginTest.loginAdmin(LoginTest.java:11)
	at com.enviopack.tests.LoginTest.loginAdmin(LoginTest.java:11)
	at com.enviopack.tests.LoginTest.loginAdmin(LoginTest.java:11)
	at com.enviopack.tests.LoginTest.loginAdmin(LoginTest.java:11)
	at com.enviopack.tests.LoginTest.loginAdmin(LoginTest.java:11)
	at com.enviopack.tests.LoginTest.loginAdmin(LoginTest.java:11)
	at com.enviopack.tests.LoginTest.loginAdmin(LoginTest.java:11)
	at com.enviopack.tests.LoginTest.loginAdmin(LoginTest.java:11)
	at com.enviopack.tests.LoginTest.loginAdmin(LoginTest.java:11)
	at com.enviopack.tests.LoginTest.loginAdmin(LoginTest.java:11)
	at com.enviopack.tests.LoginTest.loginAdmin(LoginTest.java:11)
	at com.enviopack.tests.LoginTest.loginAdmin(LoginTest.java:11)
	at com.enviopack.tests.LoginTest.loginAdmin(LoginTest.java:11)
	at com.enviopack.tests.LoginTest.loginAdmin(LoginTest.java:11)
	at com.enviopack.tests.LoginTest.loginAdmin(LoginTest.java:11)
	at com.enviopack.tests.LoginTest.loginAdmin(LoginTest.java:11)
	at com.enviopack.tests.LoginTest.loginAdmin(LoginTest.java:11)
	at com.enviopack.tests.LoginTest.loginAdmin(LoginTest.java:11)
	at com.enviopack.tests.LoginTest.loginAdmin(LoginTest.java:11)
	at com.enviopack.tests.LoginTest.loginAdmin(LoginTest.java:11)
	at com.enviopack.tests.LoginTest.loginAdmin(LoginTest.java:11)
	at com.enviopack.tests.LoginTest.loginAdmin(LoginTest.java:11)
	at com.enviopack.tests.LoginTest.loginAdmin(LoginTest.java:11)
	at com.enviopack.tests.LoginTest.loginAdmin(LoginTest.java:11)
	at com.enviopack.tests.LoginTest.loginAdmin(LoginTest.java:11)
	at com.enviopack.tests.LoginTest.loginAdmin(LoginTest.java:11)
	at com.enviopack.tests.LoginTest.loginAdmin(LoginTest.java:11)
	at com.enviopack.tests.LoginTest.loginAdmin(LoginTest.java:11)
	at com.enviopack.tests.LoginTest.loginAdmin(LoginTest.java:11)
	at com.enviopack.tests.LoginTest.loginAdmin(LoginTest.java:11)
	at com.enviopack.tests.LoginTest.loginAdmin(LoginTest.java:11)
	at com.enviopack.tests.LoginTest.loginAdmin(LoginTest.java:11)
	at com.enviopack.tests.LoginTest.loginAdmin(LoginTest.java:11)
	at com.enviopack.tests.LoginTest.loginAdmin(LoginTest.java:11)
	at com.enviopack.tests.LoginTest.loginAdmin(LoginTest.java:11)
	at com.enviopack.tests.LoginTest.loginAdmin(LoginTest.java:11)
	at com.enviopack.tests.LoginTest.loginAdmin(LoginTest.java:11)
	at com.enviopack.tests.LoginTest.loginAdmin(LoginTest.java:11)
	at com.enviopack.tests.LoginTest.loginAdmin(LoginTest.java:11)
	at com.enviopack.tests.LoginTest.loginAdmin(LoginTest.java:11)
	at com.enviopack.tests.LoginTest.loginAdmin(LoginTest.java:11)
	at com.enviopack.tests.LoginTest.loginAdmin(LoginTest.java:11)
	at com.enviopack.tests.LoginTest.loginAdmin(LoginTest.java:11)
	at com.enviopack.tests.LoginTest.loginAdmin(LoginTest.java:11)
	at com.enviopack.tests.LoginTest.loginAdmin(LoginTest.java:11)
	at com.enviopack.tests.LoginTest.loginAdmin(LoginTest.java:11)
	at com.enviopack.tests.LoginTest.loginAdmin(LoginTest.java:11)
	at com.enviopack.tests.LoginTest.loginAdmin(LoginTest.java:11)
	at com.enviopack.tests.LoginTest.loginAdmin(LoginTest.java:11)
	at com.enviopack.tests.LoginTest.loginAdmin(LoginTest.java:11)
	at com.enviopack.tests.LoginTest.loginAdmin(LoginTest.java:11)
	at com.enviopack.tests.LoginTest.loginAdmin(LoginTest.java:11)
	at com.enviopack.tests.LoginTest.loginAdmin(LoginTest.java:11)
	at com.enviopack.tests.LoginTest.loginAdmin(LoginTest.java:11)
	at com.enviopack.tests.LoginTest.loginAdmin(LoginTest.java:11)
	at com.enviopack.tests.LoginTest.loginAdmin(LoginTest.java:11)
	at com.enviopack.tests.LoginTest.loginAdmin(LoginTest.java:11)
	at com.enviopack.tests.LoginTest.loginAdmin(LoginTest.java:11)
	at com.enviopack.tests.LoginTest.loginAdmin(LoginTest.java:11)
	at com.enviopack.tests.LoginTest.loginAdmin(LoginTest.java:11)
	at com.enviopack.tests.LoginTest.loginAdmin(LoginTest.java:11)
	at com.enviopack.tests.LoginTest.loginAdmin(LoginTest.java:11)
	at com.enviopack.tests.LoginTest.loginAdmin(LoginTest.java:11)
	at com.enviopack.tests.LoginTest.loginAdmin(LoginTest.java:11)
	at com.enviopack.tests.LoginTest.loginAdmin(LoginTest.java:11)
	at com.enviopack.tests.LoginTest.loginAdmin(LoginTest.java:11)
	at com.enviopack.tests.LoginTest.loginAdmin(LoginTest.java:11)
	at com.enviopack.tests.LoginTest.loginAdmin(LoginTest.java:11)
	at com.enviopack.tests.LoginTest.loginAdmin(LoginTest.java:11)
	at com.enviopack.tests.LoginTest.loginAdmin(LoginTest.java:11)
	at com.enviopack.tests.LoginTest.loginAdmin(LoginTest.java:11)
	at com.enviopack.tests.LoginTest.loginAdmin(LoginTest.java:11)
	at com.enviopack.tests.LoginTest.loginAdmin(LoginTest.java:11)
	at com.enviopack.tests.LoginTest.loginAdmin(LoginTest.java:11)
	at com.enviopack.tests.LoginTest.loginAdmin(LoginTest.java:11)
	at com.enviopack.tests.LoginTest.loginAdmin(LoginTest.java:11)
	at com.enviopack.tests.LoginTest.loginAdmin(LoginTest.java:11)
	at com.enviopack.tests.LoginTest.loginAdmin(LoginTest.java:11)
	at com.enviopack.tests.LoginTest.loginAdmin(LoginTest.java:11)
	at com.enviopack.tests.LoginTest.loginAdmin(LoginTest.java:11)
	at com.enviopack.tests.LoginTest.loginAdmin(LoginTest.java:11)
	at com.enviopack.tests.LoginTest.loginAdmin(LoginTest.java:11)
	at com.enviopack.tests.LoginTest.loginAdmin(LoginTest.java:11)
	at com.enviopack.tests.LoginTest.loginAdmin(LoginTest.java:11)
	at com.enviopack.tests.LoginTest.loginAdmin(LoginTest.java:11)
	at com.enviopack.tests.LoginTest.loginAdmin(LoginTest.java:11)
	at com.enviopack.tests.LoginTest.loginAdmin(LoginTest.java:11)
	at com.enviopack.tests.LoginTest.loginAdmin(LoginTest.java:11)
	at com.enviopack.tests.LoginTest.loginAdmin(LoginTest.java:11)
	at com.enviopack.tests.LoginTest.loginAdmin(LoginTest.java:11)
	at com.enviopack.tests.LoginTest.loginAdmin(LoginTest.java:11)
	at com.enviopack.tests.LoginTest.loginAdmin(LoginTest.java:11)
	at com.enviopack.tests.LoginTest.loginAdmin(LoginTest.java:11)
	at com.enviopack.tests.LoginTest.loginAdmin(LoginTest.java:11)
	at com.enviopack.tests.LoginTest.loginAdmin(LoginTest.java:11)
	at com.enviopack.tests.LoginTest.loginAdmin(LoginTest.java:11)
	at com.enviopack.tests.LoginTest.loginAdmin(LoginTest.java:11)
	at com.enviopack.tests.LoginTest.loginAdmin(LoginTest.java:11)
	at com.enviopack.tests.LoginTest.loginAdmin(LoginTest.java:11)
	at com.enviopack.tests.LoginTest.loginAdmin(LoginTest.java:11)
	at com.enviopack.tests.LoginTest.loginAdmin(LoginTest.java:11)
	at com.enviopack.tests.LoginTest.loginAdmin(LoginTest.java:11)
	at com.enviopack.tests.LoginTest.loginAdmin(LoginTest.java:11)
	at com.enviopack.tests.LoginTest.loginAdmin(LoginTest.java:11)
	at com.enviopack.tests.LoginTest.loginAdmin(LoginTest.java:11)
	at com.enviopack.tests.LoginTest.loginAdmin(LoginTest.java:11)
	at com.enviopack.tests.LoginTest.loginAdmin(LoginTest.java:11)
	at com.enviopack.tests.LoginTest.loginAdmin(LoginTest.java:11)
	at com.enviopack.tests.LoginTest.loginAdmin(LoginTest.java:11)
	at com.enviopack.tests.LoginTest.loginAdmin(LoginTest.java:11)
	at com.enviopack.tests.LoginTest.loginAdmin(LoginTest.java:11)
	at com.enviopack.tests.LoginTest.loginAdmin(LoginTest.java:11)
	at com.enviopack.tests.LoginTest.loginAdmin(LoginTest.java:11)
	at com.enviopack.tests.LoginTest.loginAdmin(LoginTest.java:11)
	at com.enviopack.tests.LoginTest.loginAdmin(LoginTest.java:11)
	at com.enviopack.tests.LoginTest.loginAdmin(LoginTest.java:11)
	at com.enviopack.tests.LoginTest.loginAdmin(LoginTest.java:11)
	at com.enviopack.tests.LoginTest.loginAdmin(LoginTest.java:11)
	at com.enviopack.tests.LoginTest.loginAdmin(LoginTest.java:11)
	at com.enviopack.tests.LoginTest.loginAdmin(LoginTest.java:11)
	at com.enviopack.tests.LoginTest.loginAdmin(LoginTest.java:11)
	at com.enviopack.tests.LoginTest.loginAdmin(LoginTest.java:11)
	at com.enviopack.tests.LoginTest.loginAdmin(LoginTest.java:11)
	at com.enviopack.tests.LoginTest.loginAdmin(LoginTest.java:11)
	at com.enviopack.tests.LoginTest.loginAdmin(LoginTest.java:11)
	at com.enviopack.tests.LoginTest.loginAdmin(LoginTest.java:11)
	at com.enviopack.tests.LoginTest.loginAdmin(LoginTest.java:11)
	at com.enviopack.tests.LoginTest.loginAdmin(LoginTest.java:11)
	at com.enviopack.tests.LoginTest.loginAdmin(LoginTest.java:11)
	at com.enviopack.tests.LoginTest.loginAdmin(LoginTest.java:11)
	at com.enviopack.tests.LoginTest.loginAdmin(LoginTest.java:11)
	at com.enviopack.tests.LoginTest.loginAdmin(LoginTest.java:11)
	at com.enviopack.tests.LoginTest.loginAdmin(LoginTest.java:11)
	at com.enviopack.tests.LoginTest.loginAdmin(LoginTest.java:11)
	at com.enviopack.tests.LoginTest.loginAdmin(LoginTest.java:11)
	at com.enviopack.tests.LoginTest.loginAdmin(LoginTest.java:11)
	at com.enviopack.tests.LoginTest.loginAdmin(LoginTest.java:11)
	at com.enviopack.tests.LoginTest.loginAdmin(LoginTest.java:11)
	at com.enviopack.tests.LoginTest.loginAdmin(LoginTest.java:11)
	at com.enviopack.tests.LoginTest.loginAdmin(LoginTest.java:11)
	at com.enviopack.tests.LoginTest.loginAdmin(LoginTest.java:11)
	at com.enviopack.tests.LoginTest.loginAdmin(LoginTest.java:11)
	at com.enviopack.tests.LoginTest.loginAdmin(LoginTest.java:11)
	at com.enviopack.tests.LoginTest.loginAdmin(LoginTest.java:11)
	at com.enviopack.tests.LoginTest.loginAdmin(LoginTest.java:11)
	at com.enviopack.tests.LoginTest.loginAdmin(LoginTest.java:11)
	at com.enviopack.tests.LoginTest.loginAdmin(LoginTest.java:11)
	at com.enviopack.tests.LoginTest.loginAdmin(LoginTest.java:11)
	at com.enviopack.tests.LoginTest.loginAdmin(LoginTest.java:11)
	at com.enviopack.tests.LoginTest.loginAdmin(LoginTest.java:11)
	at com.enviopack.tests.LoginTest.loginAdmin(LoginTest.java:11)
	at com.enviopack.tests.LoginTest.loginAdmin(LoginTest.java:11)
	at com.enviopack.tests.LoginTest.loginAdmin(LoginTest.java:11)
	at com.enviopack.tests.LoginTest.loginAdmin(LoginTest.java:11)
	at com.enviopack.tests.LoginTest.loginAdmin(LoginTest.java:11)
	at com.enviopack.tests.LoginTest.loginAdmin(LoginTest.java:11)
	at com.enviopack.tests.LoginTest.loginAdmin(LoginTest.java:11)
	at com.enviopack.tests.LoginTest.loginAdmin(LoginTest.java:11)
	at com.enviopack.tests.LoginTest.loginAdmin(LoginTest.java:11)
	at com.enviopack.tests.LoginTest.loginAdmin(LoginTest.java:11)
	at com.enviopack.tests.LoginTest.loginAdmin(LoginTest.java:11)
	at com.enviopack.tests.LoginTest.loginAdmin(LoginTest.java:11)
	at com.enviopack.tests.LoginTest.loginAdmin(LoginTest.java:11)
	at com.enviopack.tests.LoginTest.loginAdmin(LoginTest.java:11)
	at com.enviopack.tests.LoginTest.loginAdmin(LoginTest.java:11)
	at com.enviopack.tests.LoginTest.loginAdmin(LoginTest.java:11)
	at com.enviopack.tests.LoginTest.loginAdmin(LoginTest.java:11)
	at com.enviopack.tests.LoginTest.loginAdmin(LoginTest.java:11)
	at com.enviopack.tests.LoginTest.loginAdmin(LoginTest.java:11)
	at com.enviopack.tests.LoginTest.loginAdmin(LoginTest.java:11)
	at com.enviopack.tests.LoginTest.loginAdmin(LoginTest.java:11)
	at com.enviopack.tests.LoginTest.loginAdmin(LoginTest.java:11)
	at com.enviopack.tests.LoginTest.loginAdmin(LoginTest.java:11)
	at com.enviopack.tests.LoginTest.loginAdmin(LoginTest.java:11)
	at com.enviopack.tests.LoginTest.loginAdmin(LoginTest.java:11)
	at com.enviopack.tests.LoginTest.loginAdmin(LoginTest.java:11)
	at com.enviopack.tests.LoginTest.loginAdmin(LoginTest.java:11)
	at com.enviopack.tests.LoginTest.loginAdmin(LoginTest.java:11)
	at com.enviopack.tests.LoginTest.loginAdmin(LoginTest.java:11)
	at com.enviopack.tests.LoginTest.loginAdmin(LoginTest.java:11)
	at com.enviopack.tests.LoginTest.loginAdmin(LoginTest.java:11)
	at com.enviopack.tests.LoginTest.loginAdmin(LoginTest.java:11)
	at com.enviopack.tests.LoginTest.loginAdmin(LoginTest.java:11)

loginSeller(com.enviopack.tests.LoginTest)  Time elapsed: 0.029 s  <<< FAILURE!
java.lang.StackOverflowError
	at com.enviopack.tests.LoginTest.loginSeller(LoginTest.java:16)
	at com.enviopack.tests.LoginTest.loginSeller(LoginTest.java:16)
	at com.enviopack.tests.LoginTest.loginSeller(LoginTest.java:16)
	at com.enviopack.tests.LoginTest.loginSeller(LoginTest.java:16)
	at com.enviopack.tests.LoginTest.loginSeller(LoginTest.java:16)
	at com.enviopack.tests.LoginTest.loginSeller(LoginTest.java:16)
	at com.enviopack.tests.LoginTest.loginSeller(LoginTest.java:16)
	at com.enviopack.tests.LoginTest.loginSeller(LoginTest.java:16)
	at com.enviopack.tests.LoginTest.loginSeller(LoginTest.java:16)
	at com.enviopack.tests.LoginTest.loginSeller(LoginTest.java:16)
	at com.enviopack.tests.LoginTest.loginSeller(LoginTest.java:16)
	at com.enviopack.tests.LoginTest.loginSeller(LoginTest.java:16)
	at com.enviopack.tests.LoginTest.loginSeller(LoginTest.java:16)
	at com.enviopack.tests.LoginTest.loginSeller(LoginTest.java:16)
	at com.enviopack.tests.LoginTest.loginSeller(LoginTest.java:16)
	at com.enviopack.tests.LoginTest.loginSeller(LoginTest.java:16)
	at com.enviopack.tests.LoginTest.loginSeller(LoginTest.java:16)
	at com.enviopack.tests.LoginTest.loginSeller(LoginTest.java:16)
	at com.enviopack.tests.LoginTest.loginSeller(LoginTest.java:16)
	at com.enviopack.tests.LoginTest.loginSeller(LoginTest.java:16)
	at com.enviopack.tests.LoginTest.loginSeller(LoginTest.java:16)
	at com.enviopack.tests.LoginTest.loginSeller(LoginTest.java:16)
	at com.enviopack.tests.LoginTest.loginSeller(LoginTest.java:16)
	at com.enviopack.tests.LoginTest.loginSeller(LoginTest.java:16)
	at com.enviopack.tests.LoginTest.loginSeller(LoginTest.java:16)
	at com.enviopack.tests.LoginTest.loginSeller(LoginTest.java:16)
	at com.enviopack.tests.LoginTest.loginSeller(LoginTest.java:16)
	at com.enviopack.tests.LoginTest.loginSeller(LoginTest.java:16)
	at com.enviopack.tests.LoginTest.loginSeller(LoginTest.java:16)
	at com.enviopack.tests.LoginTest.loginSeller(LoginTest.java:16)
	at com.enviopack.tests.LoginTest.loginSeller(LoginTest.java:16)
	at com.enviopack.tests.LoginTest.loginSeller(LoginTest.java:16)
	at com.enviopack.tests.LoginTest.loginSeller(LoginTest.java:16)
	at com.enviopack.tests.LoginTest.loginSeller(LoginTest.java:16)
	at com.enviopack.tests.LoginTest.loginSeller(LoginTest.java:16)
	at com.enviopack.tests.LoginTest.loginSeller(LoginTest.java:16)
	at com.enviopack.tests.LoginTest.loginSeller(LoginTest.java:16)
	at com.enviopack.tests.LoginTest.loginSeller(LoginTest.java:16)
	at com.enviopack.tests.LoginTest.loginSeller(LoginTest.java:16)
	at com.enviopack.tests.LoginTest.loginSeller(LoginTest.java:16)
	at com.enviopack.tests.LoginTest.loginSeller(LoginTest.java:16)
	at com.enviopack.tests.LoginTest.loginSeller(LoginTest.java:16)
	at com.enviopack.tests.LoginTest.loginSeller(LoginTest.java:16)
	at com.enviopack.tests.LoginTest.loginSeller(LoginTest.java:16)
	at com.enviopack.tests.LoginTest.loginSeller(LoginTest.java:16)
	at com.enviopack.tests.LoginTest.loginSeller(LoginTest.java:16)
	at com.enviopack.tests.LoginTest.loginSeller(LoginTest.java:16)
	at com.enviopack.tests.LoginTest.loginSeller(LoginTest.java:16)
	at com.enviopack.tests.LoginTest.loginSeller(LoginTest.java:16)
	at com.enviopack.tests.LoginTest.loginSeller(LoginTest.java:16)
	at com.enviopack.tests.LoginTest.loginSeller(LoginTest.java:16)
	at com.enviopack.tests.LoginTest.loginSeller(LoginTest.java:16)
	at com.enviopack.tests.LoginTest.loginSeller(LoginTest.java:16)
	at com.enviopack.tests.LoginTest.loginSeller(LoginTest.java:16)
	at com.enviopack.tests.LoginTest.loginSeller(LoginTest.java:16)
	at com.enviopack.tests.LoginTest.loginSeller(LoginTest.java:16)
	at com.enviopack.tests.LoginTest.loginSeller(LoginTest.java:16)
	at com.enviopack.tests.LoginTest.loginSeller(LoginTest.java:16)
	at com.enviopack.tests.LoginTest.loginSeller(LoginTest.java:16)
	at com.enviopack.tests.LoginTest.loginSeller(LoginTest.java:16)
	at com.enviopack.tests.LoginTest.loginSeller(LoginTest.java:16)
	at com.enviopack.tests.LoginTest.loginSeller(LoginTest.java:16)
	at com.enviopack.tests.LoginTest.loginSeller(LoginTest.java:16)
	at com.enviopack.tests.LoginTest.loginSeller(LoginTest.java:16)
	at com.enviopack.tests.LoginTest.loginSeller(LoginTest.java:16)
	at com.enviopack.tests.LoginTest.loginSeller(LoginTest.java:16)
	at com.enviopack.tests.LoginTest.loginSeller(LoginTest.java:16)
	at com.enviopack.tests.LoginTest.loginSeller(LoginTest.java:16)
	at com.enviopack.tests.LoginTest.loginSeller(LoginTest.java:16)
	at com.enviopack.tests.LoginTest.loginSeller(LoginTest.java:16)
	at com.enviopack.tests.LoginTest.loginSeller(LoginTest.java:16)
	at com.enviopack.tests.LoginTest.loginSeller(LoginTest.java:16)
	at com.enviopack.tests.LoginTest.loginSeller(LoginTest.java:16)
	at com.enviopack.tests.LoginTest.loginSeller(LoginTest.java:16)
	at com.enviopack.tests.LoginTest.loginSeller(LoginTest.java:16)
	at com.enviopack.tests.LoginTest.loginSeller(LoginTest.java:16)
	at com.enviopack.tests.LoginTest.loginSeller(LoginTest.java:16)
	at com.enviopack.tests.LoginTest.loginSeller(LoginTest.java:16)
	at com.enviopack.tests.LoginTest.loginSeller(LoginTest.java:16)
	at com.enviopack.tests.LoginTest.loginSeller(LoginTest.java:16)
	at com.enviopack.tests.LoginTest.loginSeller(LoginTest.java:16)
	at com.enviopack.tests.LoginTest.loginSeller(LoginTest.java:16)
	at com.enviopack.tests.LoginTest.loginSeller(LoginTest.java:16)
	at com.enviopack.tests.LoginTest.loginSeller(LoginTest.java:16)
	at com.enviopack.tests.LoginTest.loginSeller(LoginTest.java:16)
	at com.enviopack.tests.LoginTest.loginSeller(LoginTest.java:16)
	at com.enviopack.tests.LoginTest.loginSeller(LoginTest.java:16)
	at com.enviopack.tests.LoginTest.loginSeller(LoginTest.java:16)
	at com.enviopack.tests.LoginTest.loginSeller(LoginTest.java:16)
	at com.enviopack.tests.LoginTest.loginSeller(LoginTest.java:16)
	at com.enviopack.tests.LoginTest.loginSeller(LoginTest.java:16)
	at com.enviopack.tests.LoginTest.loginSeller(LoginTest.java:16)
	at com.enviopack.tests.LoginTest.loginSeller(LoginTest.java:16)
	at com.enviopack.tests.LoginTest.loginSeller(LoginTest.java:16)
	at com.enviopack.tests.LoginTest.loginSeller(LoginTest.java:16)
	at com.enviopack.tests.LoginTest.loginSeller(LoginTest.java:16)
	at com.enviopack.tests.LoginTest.loginSeller(LoginTest.java:16)
	at com.enviopack.tests.LoginTest.loginSeller(LoginTest.java:16)
	at com.enviopack.tests.LoginTest.loginSeller(LoginTest.java:16)
	at com.enviopack.tests.LoginTest.loginSeller(LoginTest.java:16)
	at com.enviopack.tests.LoginTest.loginSeller(LoginTest.java:16)
	at com.enviopack.tests.LoginTest.loginSeller(LoginTest.java:16)
	at com.enviopack.tests.LoginTest.loginSeller(LoginTest.java:16)
	at com.enviopack.tests.LoginTest.loginSeller(LoginTest.java:16)
	at com.enviopack.tests.LoginTest.loginSeller(LoginTest.java:16)
	at com.enviopack.tests.LoginTest.loginSeller(LoginTest.java:16)
	at com.enviopack.tests.LoginTest.loginSeller(LoginTest.java:16)
	at com.enviopack.tests.LoginTest.loginSeller(LoginTest.java:16)
	at com.enviopack.tests.LoginTest.loginSeller(LoginTest.java:16)
	at com.enviopack.tests.LoginTest.loginSeller(LoginTest.java:16)
	at com.enviopack.tests.LoginTest.loginSeller(LoginTest.java:16)
	at com.enviopack.tests.LoginTest.loginSeller(LoginTest.java:16)
	at com.enviopack.tests.LoginTest.loginSeller(LoginTest.java:16)
	at com.enviopack.tests.LoginTest.loginSeller(LoginTest.java:16)
	at com.enviopack.tests.LoginTest.loginSeller(LoginTest.java:16)
	at com.enviopack.tests.LoginTest.loginSeller(LoginTest.java:16)
	at com.enviopack.tests.LoginTest.loginSeller(LoginTest.java:16)
	at com.enviopack.tests.LoginTest.loginSeller(LoginTest.java:16)
	at com.enviopack.tests.LoginTest.loginSeller(LoginTest.java:16)
	at com.enviopack.tests.LoginTest.loginSeller(LoginTest.java:16)
	at com.enviopack.tests.LoginTest.loginSeller(LoginTest.java:16)
	at com.enviopack.tests.LoginTest.loginSeller(LoginTest.java:16)
	at com.enviopack.tests.LoginTest.loginSeller(LoginTest.java:16)
	at com.enviopack.tests.LoginTest.loginSeller(LoginTest.java:16)
	at com.enviopack.tests.LoginTest.loginSeller(LoginTest.java:16)
	at com.enviopack.tests.LoginTest.loginSeller(LoginTest.java:16)
	at com.enviopack.tests.LoginTest.loginSeller(LoginTest.java:16)
	at com.enviopack.tests.LoginTest.loginSeller(LoginTest.java:16)
	at com.enviopack.tests.LoginTest.loginSeller(LoginTest.java:16)
	at com.enviopack.tests.LoginTest.loginSeller(LoginTest.java:16)
	at com.enviopack.tests.LoginTest.loginSeller(LoginTest.java:16)
	at com.enviopack.tests.LoginTest.loginSeller(LoginTest.java:16)
	at com.enviopack.tests.LoginTest.loginSeller(LoginTest.java:16)
	at com.enviopack.tests.LoginTest.loginSeller(LoginTest.java:16)
	at com.enviopack.tests.LoginTest.loginSeller(LoginTest.java:16)
	at com.enviopack.tests.LoginTest.loginSeller(LoginTest.java:16)
	at com.enviopack.tests.LoginTest.loginSeller(LoginTest.java:16)
	at com.enviopack.tests.LoginTest.loginSeller(LoginTest.java:16)
	at com.enviopack.tests.LoginTest.loginSeller(LoginTest.java:16)
	at com.enviopack.tests.LoginTest.loginSeller(LoginTest.java:16)
	at com.enviopack.tests.LoginTest.loginSeller(LoginTest.java:16)
	at com.enviopack.tests.LoginTest.loginSeller(LoginTest.java:16)
	at com.enviopack.tests.LoginTest.loginSeller(LoginTest.java:16)
	at com.enviopack.tests.LoginTest.loginSeller(LoginTest.java:16)
	at com.enviopack.tests.LoginTest.loginSeller(LoginTest.java:16)
	at com.enviopack.tests.LoginTest.loginSeller(LoginTest.java:16)
	at com.enviopack.tests.LoginTest.loginSeller(LoginTest.java:16)
	at com.enviopack.tests.LoginTest.loginSeller(LoginTest.java:16)
	at com.enviopack.tests.LoginTest.loginSeller(LoginTest.java:16)
	at com.enviopack.tests.LoginTest.loginSeller(LoginTest.java:16)
	at com.enviopack.tests.LoginTest.loginSeller(LoginTest.java:16)
	at com.enviopack.tests.LoginTest.loginSeller(LoginTest.java:16)
	at com.enviopack.tests.LoginTest.loginSeller(LoginTest.java:16)
	at com.enviopack.tests.LoginTest.loginSeller(LoginTest.java:16)
	at com.enviopack.tests.LoginTest.loginSeller(LoginTest.java:16)
	at com.enviopack.tests.LoginTest.loginSeller(LoginTest.java:16)
	at com.enviopack.tests.LoginTest.loginSeller(LoginTest.java:16)
	at com.enviopack.tests.LoginTest.loginSeller(LoginTest.java:16)
	at com.enviopack.tests.LoginTest.loginSeller(LoginTest.java:16)
	at com.enviopack.tests.LoginTest.loginSeller(LoginTest.java:16)
	at com.enviopack.tests.LoginTest.loginSeller(LoginTest.java:16)
	at com.enviopack.tests.LoginTest.loginSeller(LoginTest.java:16)
	at com.enviopack.tests.LoginTest.loginSeller(LoginTest.java:16)
	at com.enviopack.tests.LoginTest.loginSeller(LoginTest.java:16)
	at com.enviopack.tests.LoginTest.loginSeller(LoginTest.java:16)
	at com.enviopack.tests.LoginTest.loginSeller(LoginTest.java:16)
	at com.enviopack.tests.LoginTest.loginSeller(LoginTest.java:16)
	at com.enviopack.tests.LoginTest.loginSeller(LoginTest.java:16)
	at com.enviopack.tests.LoginTest.loginSeller(LoginTest.java:16)
	at com.enviopack.tests.LoginTest.loginSeller(LoginTest.java:16)
	at com.enviopack.tests.LoginTest.loginSeller(LoginTest.java:16)
	at com.enviopack.tests.LoginTest.loginSeller(LoginTest.java:16)
	at com.enviopack.tests.LoginTest.loginSeller(LoginTest.java:16)
	at com.enviopack.tests.LoginTest.loginSeller(LoginTest.java:16)
	at com.enviopack.tests.LoginTest.loginSeller(LoginTest.java:16)
	at com.enviopack.tests.LoginTest.loginSeller(LoginTest.java:16)
	at com.enviopack.tests.LoginTest.loginSeller(LoginTest.java:16)
	at com.enviopack.tests.LoginTest.loginSeller(LoginTest.java:16)
	at com.enviopack.tests.LoginTest.loginSeller(LoginTest.java:16)
	at com.enviopack.tests.LoginTest.loginSeller(LoginTest.java:16)
	at com.enviopack.tests.LoginTest.loginSeller(LoginTest.java:16)
	at com.enviopack.tests.LoginTest.loginSeller(LoginTest.java:16)
	at com.enviopack.tests.LoginTest.loginSeller(LoginTest.java:16)
	at com.enviopack.tests.LoginTest.loginSeller(LoginTest.java:16)
	at com.enviopack.tests.LoginTest.loginSeller(LoginTest.java:16)
	at com.enviopack.tests.LoginTest.loginSeller(LoginTest.java:16)
	at com.enviopack.tests.LoginTest.loginSeller(LoginTest.java:16)
	at com.enviopack.tests.LoginTest.loginSeller(LoginTest.java:16)
	at com.enviopack.tests.LoginTest.loginSeller(LoginTest.java:16)
	at com.enviopack.tests.LoginTest.loginSeller(LoginTest.java:16)
	at com.enviopack.tests.LoginTest.loginSeller(LoginTest.java:16)
	at com.enviopack.tests.LoginTest.loginSeller(LoginTest.java:16)
	at com.enviopack.tests.LoginTest.loginSeller(LoginTest.java:16)
	at com.enviopack.tests.LoginTest.loginSeller(LoginTest.java:16)
	at com.enviopack.tests.LoginTest.loginSeller(LoginTest.java:16)
	at com.enviopack.tests.LoginTest.loginSeller(LoginTest.java:16)
	at com.enviopack.tests.LoginTest.loginSeller(LoginTest.java:16)
	at com.enviopack.tests.LoginTest.loginSeller(LoginTest.java:16)
	at com.enviopack.tests.LoginTest.loginSeller(LoginTest.java:16)
	at com.enviopack.tests.LoginTest.loginSeller(LoginTest.java:16)
	at com.enviopack.tests.LoginTest.loginSeller(LoginTest.java:16)
	at com.enviopack.tests.LoginTest.loginSeller(LoginTest.java:16)
	at com.enviopack.tests.LoginTest.loginSeller(LoginTest.java:16)
	at com.enviopack.tests.LoginTest.loginSeller(LoginTest.java:16)
	at com.enviopack.tests.LoginTest.loginSeller(LoginTest.java:16)
	at com.enviopack.tests.LoginTest.loginSeller(LoginTest.java:16)
	at com.enviopack.tests.LoginTest.loginSeller(LoginTest.java:16)
	at com.enviopack.tests.LoginTest.loginSeller(LoginTest.java:16)
	at com.enviopack.tests.LoginTest.loginSeller(LoginTest.java:16)
	at com.enviopack.tests.LoginTest.loginSeller(LoginTest.java:16)
	at com.enviopack.tests.LoginTest.loginSeller(LoginTest.java:16)
	at com.enviopack.tests.LoginTest.loginSeller(LoginTest.java:16)
	at com.enviopack.tests.LoginTest.loginSeller(LoginTest.java:16)
	at com.enviopack.tests.LoginTest.loginSeller(LoginTest.java:16)
[...]
	at com.enviopack.tests.LoginTest.loginSeller(LoginTest.java:16)
	at com.enviopack.tests.LoginTest.loginSeller(LoginTest.java:16)
	at com.enviopack.tests.LoginTest.loginSeller(LoginTest.java:16)
	at com.enviopack.tests.LoginTest.loginSeller(LoginTest.java:16)
	at com.enviopack.tests.LoginTest.loginSeller(LoginTest.java:16)
	at com.enviopack.tests.LoginTest.loginSeller(LoginTest.java:16)
	at com.enviopack.tests.LoginTest.loginSeller(LoginTest.java:16)
	at com.enviopack.tests.LoginTest.loginSeller(LoginTest.java:16)
	at com.enviopack.tests.LoginTest.loginSeller(LoginTest.java:16)
	at com.enviopack.tests.LoginTest.loginSeller(LoginTest.java:16)
	at com.enviopack.tests.LoginTest.loginSeller(LoginTest.java:16)
	at com.enviopack.tests.LoginTest.loginSeller(LoginTest.java:16)
	at com.enviopack.tests.LoginTest.loginSeller(LoginTest.java:16)
	at com.enviopack.tests.LoginTest.loginSeller(LoginTest.java:16)
	at com.enviopack.tests.LoginTest.loginSeller(LoginTest.java:16)
	at com.enviopack.tests.LoginTest.loginSeller(LoginTest.java:16)
	at com.enviopack.tests.LoginTest.loginSeller(LoginTest.java:16)
	at com.enviopack.tests.LoginTest.loginSeller(LoginTest.java:16)
	at com.enviopack.tests.LoginTest.loginSeller(LoginTest.java:16)
	at com.enviopack.tests.LoginTest.loginSeller(LoginTest.java:16)
	at com.enviopack.tests.LoginTest.loginSeller(LoginTest.java:16)
	at com.enviopack.tests.LoginTest.loginSeller(LoginTest.java:16)
	at com.enviopack.tests.LoginTest.loginSeller(LoginTest.java:16)
	at com.enviopack.tests.LoginTest.loginSeller(LoginTest.java:16)
	at com.enviopack.tests.LoginTest.loginSeller(LoginTest.java:16)
	at com.enviopack.tests.LoginTest.loginSeller(LoginTest.java:16)
	at com.enviopack.tests.LoginTest.loginSeller(LoginTest.java:16)
	at com.enviopack.tests.LoginTest.loginSeller(LoginTest.java:16)
	at com.enviopack.tests.LoginTest.loginSeller(LoginTest.java:16)
	at com.enviopack.tests.LoginTest.loginSeller(LoginTest.java:16)
	at com.enviopack.tests.LoginTest.loginSeller(LoginTest.java:16)
	at com.enviopack.tests.LoginTest.loginSeller(LoginTest.java:16)
	at com.enviopack.tests.LoginTest.loginSeller(LoginTest.java:16)
	at com.enviopack.tests.LoginTest.loginSeller(LoginTest.java:16)
	at com.enviopack.tests.LoginTest.loginSeller(LoginTest.java:16)
	at com.enviopack.tests.LoginTest.loginSeller(LoginTest.java:16)
	at com.enviopack.tests.LoginTest.loginSeller(LoginTest.java:16)
	at com.enviopack.tests.LoginTest.loginSeller(LoginTest.java:16)
	at com.enviopack.tests.LoginTest.loginSeller(LoginTest.java:16)
	at com.enviopack.tests.LoginTest.loginSeller(LoginTest.java:16)
	at com.enviopack.tests.LoginTest.loginSeller(LoginTest.java:16)
	at com.enviopack.tests.LoginTest.loginSeller(LoginTest.java:16)
	at com.enviopack.tests.LoginTest.loginSeller(LoginTest.java:16)
	at com.enviopack.tests.LoginTest.loginSeller(LoginTest.java:16)
	at com.enviopack.tests.LoginTest.loginSeller(LoginTest.java:16)
	at com.enviopack.tests.LoginTest.loginSeller(LoginTest.java:16)
	at com.enviopack.tests.LoginTest.loginSeller(LoginTest.java:16)
	at com.enviopack.tests.LoginTest.loginSeller(LoginTest.java:16)
	at com.enviopack.tests.LoginTest.loginSeller(LoginTest.java:16)
	at com.enviopack.tests.LoginTest.loginSeller(LoginTest.java:16)
	at com.enviopack.tests.LoginTest.loginSeller(LoginTest.java:16)
	at com.enviopack.tests.LoginTest.loginSeller(LoginTest.java:16)
	at com.enviopack.tests.LoginTest.loginSeller(LoginTest.java:16)
	at com.enviopack.tests.LoginTest.loginSeller(LoginTest.java:16)
	at com.enviopack.tests.LoginTest.loginSeller(LoginTest.java:16)
	at com.enviopack.tests.LoginTest.loginSeller(LoginTest.java:16)
	at com.enviopack.tests.LoginTest.loginSeller(LoginTest.java:16)
	at com.enviopack.tests.LoginTest.loginSeller(LoginTest.java:16)
	at com.enviopack.tests.LoginTest.loginSeller(LoginTest.java:16)
	at com.enviopack.tests.LoginTest.loginSeller(LoginTest.java:16)
	at com.enviopack.tests.LoginTest.loginSeller(LoginTest.java:16)
	at com.enviopack.tests.LoginTest.loginSeller(LoginTest.java:16)
	at com.enviopack.tests.LoginTest.loginSeller(LoginTest.java:16)
	at com.enviopack.tests.LoginTest.loginSeller(LoginTest.java:16)
	at com.enviopack.tests.LoginTest.loginSeller(LoginTest.java:16)
	at com.enviopack.tests.LoginTest.loginSeller(LoginTest.java:16)
	at com.enviopack.tests.LoginTest.loginSeller(LoginTest.java:16)
	at com.enviopack.tests.LoginTest.loginSeller(LoginTest.java:16)
	at com.enviopack.tests.LoginTest.loginSeller(LoginTest.java:16)
	at com.enviopack.tests.LoginTest.loginSeller(LoginTest.java:16)
	at com.enviopack.tests.LoginTest.loginSeller(LoginTest.java:16)
	at com.enviopack.tests.LoginTest.loginSeller(LoginTest.java:16)
	at com.enviopack.tests.LoginTest.loginSeller(LoginTest.java:16)
	at com.enviopack.tests.LoginTest.loginSeller(LoginTest.java:16)
	at com.enviopack.tests.LoginTest.loginSeller(LoginTest.java:16)
	at com.enviopack.tests.LoginTest.loginSeller(LoginTest.java:16)
	at com.enviopack.tests.LoginTest.loginSeller(LoginTest.java:16)
	at com.enviopack.tests.LoginTest.loginSeller(LoginTest.java:16)
	at com.enviopack.tests.LoginTest.loginSeller(LoginTest.java:16)
	at com.enviopack.tests.LoginTest.loginSeller(LoginTest.java:16)
	at com.enviopack.tests.LoginTest.loginSeller(LoginTest.java:16)
	at com.enviopack.tests.LoginTest.loginSeller(LoginTest.java:16)
	at com.enviopack.tests.LoginTest.loginSeller(LoginTest.java:16)
	at com.enviopack.tests.LoginTest.loginSeller(LoginTest.java:16)
	at com.enviopack.tests.LoginTest.loginSeller(LoginTest.java:16)
	at com.enviopack.tests.LoginTest.loginSeller(LoginTest.java:16)
	at com.enviopack.tests.LoginTest.loginSeller(LoginTest.java:16)
	at com.enviopack.tests.LoginTest.loginSeller(LoginTest.java:16)
	at com.enviopack.tests.LoginTest.loginSeller(LoginTest.java:16)
	at com.enviopack.tests.LoginTest.loginSeller(LoginTest.java:16)
	at com.enviopack.tests.LoginTest.loginSeller(LoginTest.java:16)
	at com.enviopack.tests.LoginTest.loginSeller(LoginTest.java:16)
	at com.enviopack.tests.LoginTest.loginSeller(LoginTest.java:16)
	at com.enviopack.tests.LoginTest.loginSeller(LoginTest.java:16)
	at com.enviopack.tests.LoginTest.loginSeller(LoginTest.java:16)
	at com.enviopack.tests.LoginTest.loginSeller(LoginTest.java:16)
	at com.enviopack.tests.LoginTest.loginSeller(LoginTest.java:16)
	at com.enviopack.tests.LoginTest.loginSeller(LoginTest.java:16)
	at com.enviopack.tests.LoginTest.loginSeller(LoginTest.java:16)
	at com.enviopack.tests.LoginTest.loginSeller(LoginTest.java:16)
	at com.enviopack.tests.LoginTest.loginSeller(LoginTest.java:16)
	at com.enviopack.tests.LoginTest.loginSeller(LoginTest.java:16)
	at com.enviopack.tests.LoginTest.loginSeller(LoginTest.java:16)
	at com.enviopack.tests.LoginTest.loginSeller(LoginTest.java:16)
	at com.enviopack.tests.LoginTest.loginSeller(LoginTest.java:16)
	at com.enviopack.tests.LoginTest.loginSeller(LoginTest.java:16)
	at com.enviopack.tests.LoginTest.loginSeller(LoginTest.java:16)
	at com.enviopack.tests.LoginTest.loginSeller(LoginTest.java:16)
	at com.enviopack.tests.LoginTest.loginSeller(LoginTest.java:16)
	at com.enviopack.tests.LoginTest.loginSeller(LoginTest.java:16)
	at com.enviopack.tests.LoginTest.loginSeller(LoginTest.java:16)
	at com.enviopack.tests.LoginTest.loginSeller(LoginTest.java:16)
	at com.enviopack.tests.LoginTest.loginSeller(LoginTest.java:16)
	at com.enviopack.tests.LoginTest.loginSeller(LoginTest.java:16)
	at com.enviopack.tests.LoginTest.loginSeller(LoginTest.java:16)
	at com.enviopack.tests.LoginTest.loginSeller(LoginTest.java:16)
	at com.enviopack.tests.LoginTest.loginSeller(LoginTest.java:16)
	at com.enviopack.tests.LoginTest.loginSeller(LoginTest.java:16)
	at com.enviopack.tests.LoginTest.loginSeller(LoginTest.java:16)
	at com.enviopack.tests.LoginTest.loginSeller(LoginTest.java:16)
	at com.enviopack.tests.LoginTest.loginSeller(LoginTest.java:16)
	at com.enviopack.tests.LoginTest.loginSeller(LoginTest.java:16)
	at com.enviopack.tests.LoginTest.loginSeller(LoginTest.java:16)
	at com.enviopack.tests.LoginTest.loginSeller(LoginTest.java:16)
	at com.enviopack.tests.LoginTest.loginSeller(LoginTest.java:16)
	at com.enviopack.tests.LoginTest.loginSeller(LoginTest.java:16)
	at com.enviopack.tests.LoginTest.loginSeller(LoginTest.java:16)
	at com.enviopack.tests.LoginTest.loginSeller(LoginTest.java:16)
	at com.enviopack.tests.LoginTest.loginSeller(LoginTest.java:16)
	at com.enviopack.tests.LoginTest.loginSeller(LoginTest.java:16)
	at com.enviopack.tests.LoginTest.loginSeller(LoginTest.java:16)
	at com.enviopack.tests.LoginTest.loginSeller(LoginTest.java:16)
	at com.enviopack.tests.LoginTest.loginSeller(LoginTest.java:16)
	at com.enviopack.tests.LoginTest.loginSeller(LoginTest.java:16)
	at com.enviopack.tests.LoginTest.loginSeller(LoginTest.java:16)
	at com.enviopack.tests.LoginTest.loginSeller(LoginTest.java:16)
	at com.enviopack.tests.LoginTest.loginSeller(LoginTest.java:16)
	at com.enviopack.tests.LoginTest.loginSeller(LoginTest.java:16)
	at com.enviopack.tests.LoginTest.loginSeller(LoginTest.java:16)
	at com.enviopack.tests.LoginTest.loginSeller(LoginTest.java:16)
	at com.enviopack.tests.LoginTest.loginSeller(LoginTest.java:16)
	at com.enviopack.tests.LoginTest.loginSeller(LoginTest.java:16)
	at com.enviopack.tests.LoginTest.loginSeller(LoginTest.java:16)
	at com.enviopack.tests.LoginTest.loginSeller(LoginTest.java:16)
	at com.enviopack.tests.LoginTest.loginSeller(LoginTest.java:16)
	at com.enviopack.tests.LoginTest.loginSeller(LoginTest.java:16)
	at com.enviopack.tests.LoginTest.loginSeller(LoginTest.java:16)
	at com.enviopack.tests.LoginTest.loginSeller(LoginTest.java:16)
	at com.enviopack.tests.LoginTest.loginSeller(LoginTest.java:16)
	at com.enviopack.tests.LoginTest.loginSeller(LoginTest.java:16)
	at com.enviopack.tests.LoginTest.loginSeller(LoginTest.java:16)
	at com.enviopack.tests.LoginTest.loginSeller(LoginTest.java:16)
	at com.enviopack.tests.LoginTest.loginSeller(LoginTest.java:16)
	at com.enviopack.tests.LoginTest.loginSeller(LoginTest.java:16)
	at com.enviopack.tests.LoginTest.loginSeller(LoginTest.java:16)
	at com.enviopack.tests.LoginTest.loginSeller(LoginTest.java:16)
	at com.enviopack.tests.LoginTest.loginSeller(LoginTest.java:16)
	at com.enviopack.tests.LoginTest.loginSeller(LoginTest.java:16)
	at com.enviopack.tests.LoginTest.loginSeller(LoginTest.java:16)
	at com.enviopack.tests.LoginTest.loginSeller(LoginTest.java:16)
	at com.enviopack.tests.LoginTest.loginSeller(LoginTest.java:16)
	at com.enviopack.tests.LoginTest.loginSeller(LoginTest.java:16)
	at com.enviopack.tests.LoginTest.loginSeller(LoginTest.java:16)
	at com.enviopack.tests.LoginTest.loginSeller(LoginTest.java:16)
	at com.enviopack.tests.LoginTest.loginSeller(LoginTest.java:16)
	at com.enviopack.tests.LoginTest.loginSeller(LoginTest.java:16)
	at com.enviopack.tests.LoginTest.loginSeller(LoginTest.java:16)
	at com.enviopack.tests.LoginTest.loginSeller(LoginTest.java:16)
	at com.enviopack.tests.LoginTest.loginSeller(LoginTest.java:16)
	at com.enviopack.tests.LoginTest.loginSeller(LoginTest.java:16)
	at com.enviopack.tests.LoginTest.loginSeller(LoginTest.java:16)
	at com.enviopack.tests.LoginTest.loginSeller(LoginTest.java:16)
	at com.enviopack.tests.LoginTest.loginSeller(LoginTest.java:16)
	at com.enviopack.tests.LoginTest.loginSeller(LoginTest.java:16)
	at com.enviopack.tests.LoginTest.loginSeller(LoginTest.java:16)
	at com.enviopack.tests.LoginTest.loginSeller(LoginTest.java:16)
	at com.enviopack.tests.LoginTest.loginSeller(LoginTest.java:16)
	at com.enviopack.tests.LoginTest.loginSeller(LoginTest.java:16)
	at com.enviopack.tests.LoginTest.loginSeller(LoginTest.java:16)
	at com.enviopack.tests.LoginTest.loginSeller(LoginTest.java:16)
	at com.enviopack.tests.LoginTest.loginSeller(LoginTest.java:16)
	at com.enviopack.tests.LoginTest.loginSeller(LoginTest.java:16)
	at com.enviopack.tests.LoginTest.loginSeller(LoginTest.java:16)
	at com.enviopack.tests.LoginTest.loginSeller(LoginTest.java:16)
	at com.enviopack.tests.LoginTest.loginSeller(LoginTest.java:16)
	at com.enviopack.tests.LoginTest.loginSeller(LoginTest.java:16)
	at com.enviopack.tests.LoginTest.loginSeller(LoginTest.java:16)
	at com.enviopack.tests.LoginTest.loginSeller(LoginTest.java:16)
	at com.enviopack.tests.LoginTest.loginSeller(LoginTest.java:16)
	at com.enviopack.tests.LoginTest.loginSeller(LoginTest.java:16)
	at com.enviopack.tests.LoginTest.loginSeller(LoginTest.java:16)
	at com.enviopack.tests.LoginTest.loginSeller(LoginTest.java:16)
	at com.enviopack.tests.LoginTest.loginSeller(LoginTest.java:16)
	at com.enviopack.tests.LoginTest.loginSeller(LoginTest.java:16)
	at com.enviopack.tests.LoginTest.loginSeller(LoginTest.java:16)
	at com.enviopack.tests.LoginTest.loginSeller(LoginTest.java:16)
	at com.enviopack.tests.LoginTest.loginSeller(LoginTest.java:16)
	at com.enviopack.tests.LoginTest.loginSeller(LoginTest.java:16)
	at com.enviopack.tests.LoginTest.loginSeller(LoginTest.java:16)
	at com.enviopack.tests.LoginTest.loginSeller(LoginTest.java:16)
	at com.enviopack.tests.LoginTest.loginSeller(LoginTest.java:16)
	at com.enviopack.tests.LoginTest.loginSeller(LoginTest.java:16)
	at com.enviopack.tests.LoginTest.loginSeller(LoginTest.java:16)
	at com.enviopack.tests.LoginTest.loginSeller(LoginTest.java:16)
	at com.enviopack.tests.LoginTest.loginSeller(LoginTest.java:16)
	at com.enviopack.tests.LoginTest.loginSeller(LoginTest.java:16)
	at com.enviopack.tests.LoginTest.loginSeller(LoginTest.java:16)
	at com.enviopack.tests.LoginTest.loginSeller(LoginTest.java:16)
	at com.enviopack.tests.LoginTest.loginSeller(LoginTest.java:16)
	at com.enviopack.tests.LoginTest.loginSeller(LoginTest.java:16)
	at com.enviopack.tests.LoginTest.loginSeller(LoginTest.java:16)
	at com.enviopack.tests.LoginTest.loginSeller(LoginTest.java:16)
	at com.enviopack.tests.LoginTest.loginSeller(LoginTest.java:16)
	at com.enviopack.tests.LoginTest.loginSeller(LoginTest.java:16)
	at com.enviopack.tests.LoginTest.loginSeller(LoginTest.java:16)
	at com.enviopack.tests.LoginTest.loginSeller(LoginTest.java:16)
	at com.enviopack.tests.LoginTest.loginSeller(LoginTest.java:16)
	at com.enviopack.tests.LoginTest.loginSeller(LoginTest.java:16)
	at com.enviopack.tests.LoginTest.loginSeller(LoginTest.java:16)
	at com.enviopack.tests.LoginTest.loginSeller(LoginTest.java:16)
	at com.enviopack.tests.LoginTest.loginSeller(LoginTest.java:16)
	at com.enviopack.tests.LoginTest.loginSeller(LoginTest.java:16)
	at com.enviopack.tests.LoginTest.loginSeller(LoginTest.java:16)
	at com.enviopack.tests.LoginTest.loginSeller(LoginTest.java:16)
	at com.enviopack.tests.LoginTest.loginSeller(LoginTest.java:16)
	at com.enviopack.tests.LoginTest.loginSeller(LoginTest.java:16)
	at com.enviopack.tests.LoginTest.loginSeller(LoginTest.java:16)
	at com.enviopack.tests.LoginTest.loginSeller(LoginTest.java:16)
	at com.enviopack.tests.LoginTest.loginSeller(LoginTest.java:16)
	at com.enviopack.tests.LoginTest.loginSeller(LoginTest.java:16)
	at com.enviopack.tests.LoginTest.loginSeller(LoginTest.java:16)
	at com.enviopack.tests.LoginTest.loginSeller(LoginTest.java:16)
	at com.enviopack.tests.LoginTest.loginSeller(LoginTest.java:16)
	at com.enviopack.tests.LoginTest.loginSeller(LoginTest.java:16)
	at com.enviopack.tests.LoginTest.loginSeller(LoginTest.java:16)
	at com.enviopack.tests.LoginTest.loginSeller(LoginTest.java:16)
	at com.enviopack.tests.LoginTest.loginSeller(LoginTest.java:16)
	at com.enviopack.tests.LoginTest.loginSeller(LoginTest.java:16)
	at com.enviopack.tests.LoginTest.loginSeller(LoginTest.java:16)
	at com.enviopack.tests.LoginTest.loginSeller(LoginTest.java:16)
	at com.enviopack.tests.LoginTest.loginSeller(LoginTest.java:16)
	at com.enviopack.tests.LoginTest.loginSeller(LoginTest.java:16)
	at com.enviopack.tests.LoginTest.loginSeller(LoginTest.java:16)
	at com.enviopack.tests.LoginTest.loginSeller(LoginTest.java:16)
	at com.enviopack.tests.LoginTest.loginSeller(LoginTest.java:16)
	at com.enviopack.tests.LoginTest.loginSeller(LoginTest.java:16)
	at com.enviopack.tests.LoginTest.loginSeller(LoginTest.java:16)
	at com.enviopack.tests.LoginTest.loginSeller(LoginTest.java:16)
	at com.enviopack.tests.LoginTest.loginSeller(LoginTest.java:16)
	at com.enviopack.tests.LoginTest.loginSeller(LoginTest.java:16)
	at com.enviopack.tests.LoginTest.loginSeller(LoginTest.java:16)
	at com.enviopack.tests.LoginTest.loginSeller(LoginTest.java:16)
	at com.enviopack.tests.LoginTest.loginSeller(LoginTest.java:16)
	at com.enviopack.tests.LoginTest.loginSeller(LoginTest.java:16)
	at com.enviopack.tests.LoginTest.loginSeller(LoginTest.java:16)
	at com.enviopack.tests.LoginTest.loginSeller(LoginTest.java:16)
	at com.enviopack.tests.LoginTest.loginSeller(LoginTest.java:16)
	at com.enviopack.tests.LoginTest.loginSeller(LoginTest.java:16)
	at com.enviopack.tests.LoginTest.loginSeller(LoginTest.java:16)
	at com.enviopack.tests.LoginTest.loginSeller(LoginTest.java:16)
	at com.enviopack.tests.LoginTest.loginSeller(LoginTest.java:16)
	at com.enviopack.tests.LoginTest.loginSeller(LoginTest.java:16)
	at com.enviopack.tests.LoginTest.loginSeller(LoginTest.java:16)
	at com.enviopack.tests.LoginTest.loginSeller(LoginTest.java:16)
	at com.enviopack.tests.LoginTest.loginSeller(LoginTest.java:16)
	at com.enviopack.tests.LoginTest.loginSeller(LoginTest.java:16)
	at com.enviopack.tests.LoginTest.loginSeller(LoginTest.java:16)
	at com.enviopack.tests.LoginTest.loginSeller(LoginTest.java:16)
	at com.enviopack.tests.LoginTest.loginSeller(LoginTest.java:16)
	at com.enviopack.tests.LoginTest.loginSeller(LoginTest.java:16)
	at com.enviopack.tests.LoginTest.loginSeller(LoginTest.java:16)
	at com.enviopack.tests.LoginTest.loginSeller(LoginTest.java:16)
	at com.enviopack.tests.LoginTest.loginSeller(LoginTest.java:16)
	at com.enviopack.tests.LoginTest.loginSeller(LoginTest.java:16)
	at com.enviopack.tests.LoginTest.loginSeller(LoginTest.java:16)
	at com.enviopack.tests.LoginTest.loginSeller(LoginTest.java:16)
	at com.enviopack.tests.LoginTest.loginSeller(LoginTest.java:16)
	at com.enviopack.tests.LoginTest.loginSeller(LoginTest.java:16)
	at com.enviopack.tests.LoginTest.loginSeller(LoginTest.java:16)
	at com.enviopack.tests.LoginTest.loginSeller(LoginTest.java:16)
	at com.enviopack.tests.LoginTest.loginSeller(LoginTest.java:16)
	at com.enviopack.tests.LoginTest.loginSeller(LoginTest.java:16)
	at com.enviopack.tests.LoginTest.loginSeller(LoginTest.java:16)
	at com.enviopack.tests.LoginTest.loginSeller(LoginTest.java:16)
	at com.enviopack.tests.LoginTest.loginSeller(LoginTest.java:16)
	at com.enviopack.tests.LoginTest.loginSeller(LoginTest.java:16)
	at com.enviopack.tests.LoginTest.loginSeller(LoginTest.java:16)
	at com.enviopack.tests.LoginTest.loginSeller(LoginTest.java:16)
	at com.enviopack.tests.LoginTest.loginSeller(LoginTest.java:16)
	at com.enviopack.tests.LoginTest.loginSeller(LoginTest.java:16)
	at com.enviopack.tests.LoginTest.loginSeller(LoginTest.java:16)
	at com.enviopack.tests.LoginTest.loginSeller(LoginTest.java:16)
	at com.enviopack.tests.LoginTest.loginSeller(LoginTest.java:16)
	at com.enviopack.tests.LoginTest.loginSeller(LoginTest.java:16)
	at com.enviopack.tests.LoginTest.loginSeller(LoginTest.java:16)
	at com.enviopack.tests.LoginTest.loginSeller(LoginTest.java:16)
	at com.enviopack.tests.LoginTest.loginSeller(LoginTest.java:16)
	at com.enviopack.tests.LoginTest.loginSeller(LoginTest.java:16)
	at com.enviopack.tests.LoginTest.loginSeller(LoginTest.java:16)
	at com.enviopack.tests.LoginTest.loginSeller(LoginTest.java:16)
	at com.enviopack.tests.LoginTest.loginSeller(LoginTest.java:16)
	at com.enviopack.tests.LoginTest.loginSeller(LoginTest.java:16)
	at com.enviopack.tests.LoginTest.loginSeller(LoginTest.java:16)
	at com.enviopack.tests.LoginTest.loginSeller(LoginTest.java:16)
	at com.enviopack.tests.LoginTest.loginSeller(LoginTest.java:16)
	at com.enviopack.tests.LoginTest.loginSeller(LoginTest.java:16)
	at com.enviopack.tests.LoginTest.loginSeller(LoginTest.java:16)

