<?xml version="1.0" encoding="UTF-8"?>
<testng-results ignored="0" total="1" passed="1" failed="0" skipped="0">
  <reporter-output>
  </reporter-output>
  <suite started-at="2024-09-20T17:32:01 ART" name="Default suite" finished-at="2024-09-20T17:32:08 ART" duration-ms="7133">
    <groups>
    </groups>
    <test started-at="2024-09-20T17:32:01 ART" name="Default test" finished-at="2024-09-20T17:32:08 ART" duration-ms="7133">
      <class name="com.enviopack.tests.LoginTest">
        <test-method is-config="true" signature="setUp()[pri:0, instance:com.enviopack.tests.LoginTest@384ad17b]" started-at="2024-09-20T17:32:01 ART" name="setUp" finished-at="2024-09-20T17:32:03 ART" duration-ms="1541" status="PASS">
          <reporter-output>
          </reporter-output>
        </test-method> <!-- setUp -->
        <test-method signature="testLogin()[pri:0, instance:com.enviopack.tests.LoginTest@384ad17b]" started-at="2024-09-20T17:32:03 ART" name="testLogin" finished-at="2024-09-20T17:32:08 ART" duration-ms="5418" status="PASS">
          <reporter-output>
          </reporter-output>
        </test-method> <!-- testLogin -->
        <test-method is-config="true" signature="tearDown()[pri:0, instance:com.enviopack.tests.LoginTest@384ad17b]" started-at="2024-09-20T17:32:08 ART" name="tearDown" finished-at="2024-09-20T17:32:08 ART" duration-ms="135" status="PASS">
          <reporter-output>
          </reporter-output>
        </test-method> <!-- tearDown -->
      </class> <!-- com.enviopack.tests.LoginTest -->
    </test> <!-- Default test -->
  </suite> <!-- Default suite -->
</testng-results>
