<?xml version="1.0" encoding="UTF-8"?>
<testng-results ignored="0" total="1" passed="1" failed="0" skipped="0">
  <reporter-output>
  </reporter-output>
  <suite started-at="2024-10-04T15:57:23 ART" name="Suite" finished-at="2024-10-04T15:57:39 ART" duration-ms="16188">
    <groups>
    </groups>
    <test started-at="2024-10-04T15:57:23 ART" name="Access Account Test" finished-at="2024-10-04T15:57:39 ART" duration-ms="16188">
      <class name="com.enviopack.tests.AccessAccount">
        <test-method is-config="true" signature="setUp()[pri:0, instance:com.enviopack.tests.AccessAccount@6f53b8a]" started-at="2024-10-04T15:57:23 ART" name="setUp" finished-at="2024-10-04T15:57:28 ART" duration-ms="5220" status="PASS">
          <reporter-output>
          </reporter-output>
        </test-method> <!-- setUp -->
        <test-method signature="AccessIdAccount(java.lang.String)[pri:0, instance:com.enviopack.tests.AccessAccount@6f53b8a]" started-at="2024-10-04T15:57:28 ART" name="AccessIdAccount" finished-at="2024-10-04T15:57:39 ART" duration-ms="10387" status="PASS">
          <params>
            <param index="0">
              <value>
                <![CDATA[5710]]>
              </value>
            </param>
          </params>
          <reporter-output>
          </reporter-output>
        </test-method> <!-- AccessIdAccount -->
        <test-method is-config="true" signature="tearDown()[pri:0, instance:com.enviopack.tests.AccessAccount@6f53b8a]" started-at="2024-10-04T15:57:39 ART" name="tearDown" finished-at="2024-10-04T15:57:39 ART" duration-ms="441" status="PASS">
          <reporter-output>
          </reporter-output>
        </test-method> <!-- tearDown -->
      </class> <!-- com.enviopack.tests.AccessAccount -->
    </test> <!-- Access Account Test -->
  </suite> <!-- Suite -->
</testng-results>
